{"timestamp":"2025-10-31T08:10:42.476195","level":"info","event":"DAG bundles loaded: dags-folder, example_dags","logger":"airflow.dag_processing.bundles.manager.DagBundlesManager"}
{"timestamp":"2025-10-31T08:10:42.476820","level":"info","event":"Filling up the DagBag from /opt/airflow/dags/dag_reddit_pipeline.py","logger":"airflow.models.dagbag.DagBag"}
{"timestamp":"2025-10-31T08:10:42.608801","level":"warning","event":"/opt/airflow/scripts/reddit_engine.py:154: SyntaxWarning: invalid escape sequence '\\+'\n  'BLUETOOTH', 'WIFI', 'WI-FI', 'ANC', 'DAB\\+', 'DAB', 'FM', 'SMART',\n","logger":"py.warnings"}
{"timestamp":"2025-10-31T08:10:42.635753Z","level":"info","event":"Task instance is in running state","chan":"stdout","logger":"task"}
{"timestamp":"2025-10-31T08:10:42.636383Z","level":"info","event":" Previous state of the Task instance: TaskInstanceState.QUEUED","chan":"stdout","logger":"task"}
{"timestamp":"2025-10-31T08:10:42.636997Z","level":"info","event":"Current task name:run_full_reddit_pipeline","chan":"stdout","logger":"task"}
{"timestamp":"2025-10-31T08:10:42.637492Z","level":"info","event":"Dag name:reddit_extraction_pipeline","chan":"stdout","logger":"task"}
{"timestamp":"2025-10-31T08:10:42.638135Z","level":"info","event":"--- Lancement de l'Extraction (Étape 6a) ---","chan":"stdout","logger":"task"}
{"timestamp":"2025-10-31T08:10:42.698351Z","level":"info","event":"   -> ✅ Connecté au DWH.","chan":"stdout","logger":"task"}
{"timestamp":"2025-10-31T08:10:42.711081Z","level":"info","event":"--- ✅ SUCCÈS : 1738 produits à rechercher extraits ---","chan":"stdout","logger":"task"}
{"timestamp":"2025-10-31T08:10:42.712991Z","level":"info","event":"Connexion DWH fermée (phase 1).","chan":"stdout","logger":"task"}
{"timestamp":"2025-10-31T08:10:42.713539Z","level":"info","event":"","chan":"stdout","logger":"task"}
{"timestamp":"2025-10-31T08:10:42.714071Z","level":"info","event":"--- Lancement de la boucle de scraping pour 1738 produits ---","chan":"stdout","logger":"task"}
{"timestamp":"2025-10-31T08:10:42.714509Z","level":"info","event":"","chan":"stdout","logger":"task"}
{"timestamp":"2025-10-31T08:10:42.714877Z","level":"info","event":"-------------------------------------------------","chan":"stdout","logger":"task"}
{"timestamp":"2025-10-31T08:10:42.715293Z","level":"info","event":"--- Traitement Produit 1/1738 (Key: 8) ---","chan":"stdout","logger":"task"}
{"timestamp":"2025-10-31T08:10:42.715886Z","level":"info","event":"   -> Mot-clé généré : 'SAMSUNG QE50Q7F3AUXXN'","chan":"stdout","logger":"task"}
{"timestamp":"2025-10-31T08:10:42.716372Z","level":"info","event":"   -> (E) Appel API Reddit pour : 'SAMSUNG QE50Q7F3AUXXN' dans r/Televisions","chan":"stdout","logger":"task"}
{"timestamp":"2025-10-31T08:10:43.942295Z","level":"info","event":"   -> Pause de 7 secondes (respect des limites API)...","chan":"stdout","logger":"task"}
{"timestamp":"2025-10-31T08:10:50.945001Z","level":"info","event":"   -> ⚠️ Passe 1 (spécifique) n'a rien donné pour 'SAMSUNG QE50Q7F3AUXXN'.","chan":"stdout","logger":"task"}
{"timestamp":"2025-10-31T08:10:50.946651Z","level":"info","event":"   -> Lancement Passe 2 (large) avec juste la marque: 'SAMSUNG'","chan":"stdout","logger":"task"}
{"timestamp":"2025-10-31T08:10:50.949027Z","level":"info","event":"   -> (E) Appel API Reddit pour : 'SAMSUNG' dans r/Televisions","chan":"stdout","logger":"task"}
{"timestamp":"2025-10-31T08:10:51.435143Z","level":"info","event":"   -> Pause de 7 secondes (respect des limites API)...","chan":"stdout","logger":"task"}
{"timestamp":"2025-10-31T08:10:58.581651Z","level":"info","event":"   -> 25 posts bruts trouvés au total.","chan":"stdout","logger":"task"}
{"timestamp":"2025-10-31T08:10:58.616196Z","level":"info","event":"   -> (L) 25 posts reçus. Application du filtre de pertinence (Marque: 'SAMSUNG')...","chan":"stdout","logger":"task"}
{"timestamp":"2025-10-31T08:10:58.664339Z","level":"info","event":"   -> 0 nouveaux posts (pertinents) insérés.","chan":"stdout","logger":"task"}
{"timestamp":"2025-10-31T08:10:58.665068Z","level":"info","event":"   -> 0 posts filtrés (hors sujet).","chan":"stdout","logger":"task"}
{"timestamp":"2025-10-31T08:10:58.665706Z","level":"info","event":"   -> 25 posts ignorés (doublons).","chan":"stdout","logger":"task"}
{"timestamp":"2025-10-31T08:10:58.666280Z","level":"info","event":"   -> ✅ Données pour 'SAMSUNG QE50Q7F3AUXXN' sauvegardées.","chan":"stdout","logger":"task"}
{"timestamp":"2025-10-31T08:10:58.668257Z","level":"info","event":"","chan":"stdout","logger":"task"}
{"timestamp":"2025-10-31T08:10:58.668832Z","level":"info","event":"-------------------------------------------------","chan":"stdout","logger":"task"}
{"timestamp":"2025-10-31T08:10:58.669303Z","level":"info","event":"--- Traitement Produit 2/1738 (Key: 9) ---","chan":"stdout","logger":"task"}
{"timestamp":"2025-10-31T08:10:58.669921Z","level":"info","event":"   -> Mot-clé généré : 'LG C5 evo OLED42C54LA'","chan":"stdout","logger":"task"}
{"timestamp":"2025-10-31T08:10:58.670770Z","level":"info","event":"   -> (E) Appel API Reddit pour : 'LG C5 evo OLED42C54LA' dans r/Televisions","chan":"stdout","logger":"task"}
{"timestamp":"2025-10-31T08:10:58.973294Z","level":"info","event":"   -> Pause de 7 secondes (respect des limites API)...","chan":"stdout","logger":"task"}
{"timestamp":"2025-10-31T08:11:05.975388Z","level":"info","event":"   -> 1 posts bruts trouvés au total.","chan":"stdout","logger":"task"}
{"timestamp":"2025-10-31T08:11:05.997899Z","level":"info","event":"   -> (L) 1 posts reçus. Application du filtre de pertinence (Marque: 'LG')...","chan":"stdout","logger":"task"}
{"timestamp":"2025-10-31T08:11:05.999160Z","level":"info","event":"   -> 0 nouveaux posts (pertinents) insérés.","chan":"stdout","logger":"task"}
{"timestamp":"2025-10-31T08:11:05.999646Z","level":"info","event":"   -> 0 posts filtrés (hors sujet).","chan":"stdout","logger":"task"}
{"timestamp":"2025-10-31T08:11:06.000034Z","level":"info","event":"   -> 1 posts ignorés (doublons).","chan":"stdout","logger":"task"}
{"timestamp":"2025-10-31T08:11:06.000450Z","level":"info","event":"   -> ✅ Données pour 'LG C5 evo OLED42C54LA' sauvegardées.","chan":"stdout","logger":"task"}
{"timestamp":"2025-10-31T08:11:06.001792Z","level":"info","event":"","chan":"stdout","logger":"task"}
{"timestamp":"2025-10-31T08:11:06.002239Z","level":"info","event":"-------------------------------------------------","chan":"stdout","logger":"task"}
{"timestamp":"2025-10-31T08:11:06.002632Z","level":"info","event":"--- Traitement Produit 3/1738 (Key: 10) ---","chan":"stdout","logger":"task"}
{"timestamp":"2025-10-31T08:11:06.003086Z","level":"info","event":"   -> Mot-clé généré : 'SAMSUNG QE77S95FATXXN'","chan":"stdout","logger":"task"}
{"timestamp":"2025-10-31T08:11:06.003425Z","level":"info","event":"   -> (E) Appel API Reddit pour : 'SAMSUNG QE77S95FATXXN' dans r/Televisions","chan":"stdout","logger":"task"}
{"timestamp":"2025-10-31T08:11:06.217046Z","level":"info","event":"   -> Pause de 7 secondes (respect des limites API)...","chan":"stdout","logger":"task"}
{"timestamp":"2025-10-31T08:11:13.219275Z","level":"info","event":"   -> ⚠️ Passe 1 (spécifique) n'a rien donné pour 'SAMSUNG QE77S95FATXXN'.","chan":"stdout","logger":"task"}
{"timestamp":"2025-10-31T08:11:13.219974Z","level":"info","event":"   -> Lancement Passe 2 (large) avec juste la marque: 'SAMSUNG'","chan":"stdout","logger":"task"}
{"timestamp":"2025-10-31T08:11:13.220793Z","level":"info","event":"   -> (E) Appel API Reddit pour : 'SAMSUNG' dans r/Televisions","chan":"stdout","logger":"task"}
{"timestamp":"2025-10-31T08:11:14.623477Z","level":"info","event":"   -> Pause de 7 secondes (respect des limites API)...","chan":"stdout","logger":"task"}
{"timestamp":"2025-10-31T08:11:19.641075Z","level":"error","event":"Server indicated the task shouldn't be running anymore. Terminating process","detail":{"detail":{"reason":"not_running","message":"TI is no longer in the running state and task should terminate","current_state":"failed"}},"logger":"task"}
{"timestamp":"2025-10-31T08:11:21.626015Z","level":"info","event":"   -> 25 posts bruts trouvés au total.","chan":"stdout","logger":"task"}
{"timestamp":"2025-10-31T08:11:21.658491Z","level":"info","event":"   -> (L) 25 posts reçus. Application du filtre de pertinence (Marque: 'SAMSUNG')...","chan":"stdout","logger":"task"}
{"timestamp":"2025-10-31T08:11:21.700455Z","level":"info","event":"   -> 0 nouveaux posts (pertinents) insérés.","chan":"stdout","logger":"task"}
{"timestamp":"2025-10-31T08:11:21.701034Z","level":"info","event":"   -> 0 posts filtrés (hors sujet).","chan":"stdout","logger":"task"}
{"timestamp":"2025-10-31T08:11:21.701649Z","level":"info","event":"   -> 25 posts ignorés (doublons).","chan":"stdout","logger":"task"}
{"timestamp":"2025-10-31T08:11:21.702404Z","level":"info","event":"   -> ✅ Données pour 'SAMSUNG QE77S95FATXXN' sauvegardées.","chan":"stdout","logger":"task"}
{"timestamp":"2025-10-31T08:11:21.704088Z","level":"info","event":"","chan":"stdout","logger":"task"}
{"timestamp":"2025-10-31T08:11:21.704808Z","level":"info","event":"-------------------------------------------------","chan":"stdout","logger":"task"}
{"timestamp":"2025-10-31T08:11:21.705417Z","level":"info","event":"--- Traitement Produit 4/1738 (Key: 13) ---","chan":"stdout","logger":"task"}
{"timestamp":"2025-10-31T08:11:21.705968Z","level":"info","event":"   -> Mot-clé généré : 'PHILIPS AMBILITGH 48OLED810'","chan":"stdout","logger":"task"}
{"timestamp":"2025-10-31T08:11:21.706396Z","level":"info","event":"   -> (E) Appel API Reddit pour : 'PHILIPS AMBILITGH 48OLED810' dans r/Televisions","chan":"stdout","logger":"task"}
{"timestamp":"2025-10-31T08:11:22.769358Z","level":"info","event":"   -> Pause de 7 secondes (respect des limites API)...","chan":"stdout","logger":"task"}
{"timestamp":"2025-10-31T08:11:24.860646Z","level":"error","event":"Task killed!","logger":"task"}
