{"timestamp":"2025-10-31T10:02:19.133500","level":"info","event":"Filling up the DagBag from /opt/airflow/dags/dag_sentiment_analysis_roberta.py","logger":"airflow.models.dagbag.DagBag"}
{"timestamp":"2025-10-31T10:02:19.227528Z","level":"info","event":"ERREUR : Impossible d'importer 'sentiment_engine_roberta' depuis 'scripts/'.","chan":"stdout","logger":"processor"}
{"timestamp":"2025-10-31T10:02:19.228179Z","level":"info","event":"Vérifiez que le fichier existe et que 'torch'/'transformers' sont dans le Dockerfile.","chan":"stdout","logger":"processor"}
{"timestamp":"2025-10-31T10:02:19.227539","level":"error","event":"Failed to import: /opt/airflow/dags/dag_sentiment_analysis_roberta.py","logger":"airflow.models.dagbag.DagBag","error_detail":[{"exc_type":"ModuleNotFoundError","exc_value":"No module named 'transformers'","exc_notes":[],"syntax_error":null,"is_cause":false,"frames":[{"filename":"/home/airflow/.local/lib/python3.12/site-packages/airflow/models/dagbag.py","lineno":394,"name":"parse"},{"filename":"<frozen importlib._bootstrap_external>","lineno":999,"name":"exec_module"},{"filename":"<frozen importlib._bootstrap>","lineno":488,"name":"_call_with_frames_removed"},{"filename":"/opt/airflow/dags/dag_sentiment_analysis_roberta.py","lineno":16,"name":"<module>"},{"filename":"/opt/airflow/scripts/sentiment_engine_roberta.py","lineno":3,"name":"<module>"}],"is_group":false,"exceptions":[]}]}
{"timestamp":"2025-10-31T10:02:49.729800","level":"info","event":"Filling up the DagBag from /opt/airflow/dags/dag_sentiment_analysis_roberta.py","logger":"airflow.models.dagbag.DagBag"}
{"timestamp":"2025-10-31T10:02:49.788384Z","level":"info","event":"ERREUR : Impossible d'importer 'sentiment_engine_roberta' depuis 'scripts/'.","chan":"stdout","logger":"processor"}
{"timestamp":"2025-10-31T10:02:49.788824Z","level":"info","event":"Vérifiez que le fichier existe et que 'torch'/'transformers' sont dans le Dockerfile.","chan":"stdout","logger":"processor"}
{"timestamp":"2025-10-31T10:02:49.788401","level":"error","event":"Failed to import: /opt/airflow/dags/dag_sentiment_analysis_roberta.py","logger":"airflow.models.dagbag.DagBag","error_detail":[{"exc_type":"ModuleNotFoundError","exc_value":"No module named 'transformers'","exc_notes":[],"syntax_error":null,"is_cause":false,"frames":[{"filename":"/home/airflow/.local/lib/python3.12/site-packages/airflow/models/dagbag.py","lineno":394,"name":"parse"},{"filename":"<frozen importlib._bootstrap_external>","lineno":999,"name":"exec_module"},{"filename":"<frozen importlib._bootstrap>","lineno":488,"name":"_call_with_frames_removed"},{"filename":"/opt/airflow/dags/dag_sentiment_analysis_roberta.py","lineno":16,"name":"<module>"},{"filename":"/opt/airflow/scripts/sentiment_engine_roberta.py","lineno":3,"name":"<module>"}],"is_group":false,"exceptions":[]}]}
{"timestamp":"2025-10-31T10:03:20.051169","level":"info","event":"Filling up the DagBag from /opt/airflow/dags/dag_sentiment_analysis_roberta.py","logger":"airflow.models.dagbag.DagBag"}
{"timestamp":"2025-10-31T10:03:20.107192Z","level":"info","event":"ERREUR : Impossible d'importer 'sentiment_engine_roberta' depuis 'scripts/'.","chan":"stdout","logger":"processor"}
{"timestamp":"2025-10-31T10:03:20.107645Z","level":"info","event":"Vérifiez que le fichier existe et que 'torch'/'transformers' sont dans le Dockerfile.","chan":"stdout","logger":"processor"}
{"timestamp":"2025-10-31T10:03:20.107157","level":"error","event":"Failed to import: /opt/airflow/dags/dag_sentiment_analysis_roberta.py","logger":"airflow.models.dagbag.DagBag","error_detail":[{"exc_type":"ModuleNotFoundError","exc_value":"No module named 'transformers'","exc_notes":[],"syntax_error":null,"is_cause":false,"frames":[{"filename":"/home/airflow/.local/lib/python3.12/site-packages/airflow/models/dagbag.py","lineno":394,"name":"parse"},{"filename":"<frozen importlib._bootstrap_external>","lineno":999,"name":"exec_module"},{"filename":"<frozen importlib._bootstrap>","lineno":488,"name":"_call_with_frames_removed"},{"filename":"/opt/airflow/dags/dag_sentiment_analysis_roberta.py","lineno":16,"name":"<module>"},{"filename":"/opt/airflow/scripts/sentiment_engine_roberta.py","lineno":3,"name":"<module>"}],"is_group":false,"exceptions":[]}]}
{"timestamp":"2025-10-31T10:03:50.805251","level":"info","event":"Filling up the DagBag from /opt/airflow/dags/dag_sentiment_analysis_roberta.py","logger":"airflow.models.dagbag.DagBag"}
{"timestamp":"2025-10-31T10:03:50.866302Z","level":"info","event":"ERREUR : Impossible d'importer 'sentiment_engine_roberta' depuis 'scripts/'.","chan":"stdout","logger":"processor"}
{"timestamp":"2025-10-31T10:03:50.866871Z","level":"info","event":"Vérifiez que le fichier existe et que 'torch'/'transformers' sont dans le Dockerfile.","chan":"stdout","logger":"processor"}
{"timestamp":"2025-10-31T10:03:50.866254","level":"error","event":"Failed to import: /opt/airflow/dags/dag_sentiment_analysis_roberta.py","logger":"airflow.models.dagbag.DagBag","error_detail":[{"exc_type":"ModuleNotFoundError","exc_value":"No module named 'transformers'","exc_notes":[],"syntax_error":null,"is_cause":false,"frames":[{"filename":"/home/airflow/.local/lib/python3.12/site-packages/airflow/models/dagbag.py","lineno":394,"name":"parse"},{"filename":"<frozen importlib._bootstrap_external>","lineno":999,"name":"exec_module"},{"filename":"<frozen importlib._bootstrap>","lineno":488,"name":"_call_with_frames_removed"},{"filename":"/opt/airflow/dags/dag_sentiment_analysis_roberta.py","lineno":16,"name":"<module>"},{"filename":"/opt/airflow/scripts/sentiment_engine_roberta.py","lineno":3,"name":"<module>"}],"is_group":false,"exceptions":[]}]}
{"timestamp":"2025-10-31T10:05:59.608042","level":"info","event":"Filling up the DagBag from /opt/airflow/dags/dag_sentiment_analysis_roberta.py","logger":"airflow.models.dagbag.DagBag"}
{"timestamp":"2025-10-31T10:05:59.703915","level":"error","event":"Failed to import: /opt/airflow/dags/dag_sentiment_analysis_roberta.py","logger":"airflow.models.dagbag.DagBag","error_detail":[{"exc_type":"ModuleNotFoundError","exc_value":"No module named 'transformers'","exc_notes":[],"syntax_error":null,"is_cause":false,"frames":[{"filename":"/home/airflow/.local/lib/python3.12/site-packages/airflow/models/dagbag.py","lineno":394,"name":"parse"},{"filename":"<frozen importlib._bootstrap_external>","lineno":999,"name":"exec_module"},{"filename":"<frozen importlib._bootstrap>","lineno":488,"name":"_call_with_frames_removed"},{"filename":"/opt/airflow/dags/dag_sentiment_analysis_roberta.py","lineno":16,"name":"<module>"},{"filename":"/opt/airflow/scripts/sentiment_engine_roberta.py","lineno":3,"name":"<module>"}],"is_group":false,"exceptions":[]}]}
{"timestamp":"2025-10-31T10:06:03.241299Z","level":"info","event":"ERREUR : Impossible d'importer 'sentiment_engine_roberta' depuis 'scripts/'.","chan":"stdout","logger":"processor"}
{"timestamp":"2025-10-31T10:06:03.241709Z","level":"info","event":"Vérifiez que le fichier existe et que 'torch'/'transformers' sont dans le Dockerfile.","chan":"stdout","logger":"processor"}
{"timestamp":"2025-10-31T10:06:33.740529","level":"info","event":"Filling up the DagBag from /opt/airflow/dags/dag_sentiment_analysis_roberta.py","logger":"airflow.models.dagbag.DagBag"}
{"timestamp":"2025-10-31T10:06:33.809942Z","level":"info","event":"ERREUR : Impossible d'importer 'sentiment_engine_roberta' depuis 'scripts/'.","chan":"stdout","logger":"processor"}
{"timestamp":"2025-10-31T10:06:33.810607Z","level":"info","event":"Vérifiez que le fichier existe et que 'torch'/'transformers' sont dans le Dockerfile.","chan":"stdout","logger":"processor"}
{"timestamp":"2025-10-31T10:06:33.809864","level":"error","event":"Failed to import: /opt/airflow/dags/dag_sentiment_analysis_roberta.py","logger":"airflow.models.dagbag.DagBag","error_detail":[{"exc_type":"ModuleNotFoundError","exc_value":"No module named 'transformers'","exc_notes":[],"syntax_error":null,"is_cause":false,"frames":[{"filename":"/home/airflow/.local/lib/python3.12/site-packages/airflow/models/dagbag.py","lineno":394,"name":"parse"},{"filename":"<frozen importlib._bootstrap_external>","lineno":999,"name":"exec_module"},{"filename":"<frozen importlib._bootstrap>","lineno":488,"name":"_call_with_frames_removed"},{"filename":"/opt/airflow/dags/dag_sentiment_analysis_roberta.py","lineno":16,"name":"<module>"},{"filename":"/opt/airflow/scripts/sentiment_engine_roberta.py","lineno":3,"name":"<module>"}],"is_group":false,"exceptions":[]}]}
{"timestamp":"2025-10-31T10:07:04.356258","level":"info","event":"Filling up the DagBag from /opt/airflow/dags/dag_sentiment_analysis_roberta.py","logger":"airflow.models.dagbag.DagBag"}
{"timestamp":"2025-10-31T10:07:04.421829Z","level":"info","event":"ERREUR : Impossible d'importer 'sentiment_engine_roberta' depuis 'scripts/'.","chan":"stdout","logger":"processor"}
{"timestamp":"2025-10-31T10:07:04.422376Z","level":"info","event":"Vérifiez que le fichier existe et que 'torch'/'transformers' sont dans le Dockerfile.","chan":"stdout","logger":"processor"}
{"timestamp":"2025-10-31T10:07:04.421847","level":"error","event":"Failed to import: /opt/airflow/dags/dag_sentiment_analysis_roberta.py","logger":"airflow.models.dagbag.DagBag","error_detail":[{"exc_type":"ModuleNotFoundError","exc_value":"No module named 'transformers'","exc_notes":[],"syntax_error":null,"is_cause":false,"frames":[{"filename":"/home/airflow/.local/lib/python3.12/site-packages/airflow/models/dagbag.py","lineno":394,"name":"parse"},{"filename":"<frozen importlib._bootstrap_external>","lineno":999,"name":"exec_module"},{"filename":"<frozen importlib._bootstrap>","lineno":488,"name":"_call_with_frames_removed"},{"filename":"/opt/airflow/dags/dag_sentiment_analysis_roberta.py","lineno":16,"name":"<module>"},{"filename":"/opt/airflow/scripts/sentiment_engine_roberta.py","lineno":3,"name":"<module>"}],"is_group":false,"exceptions":[]}]}
{"timestamp":"2025-10-31T10:09:36.900144","level":"info","event":"Filling up the DagBag from /opt/airflow/dags/dag_sentiment_analysis_roberta.py","logger":"airflow.models.dagbag.DagBag"}
{"timestamp":"2025-10-31T10:09:36.980960","level":"error","event":"Failed to import: /opt/airflow/dags/dag_sentiment_analysis_roberta.py","logger":"airflow.models.dagbag.DagBag","error_detail":[{"exc_type":"ModuleNotFoundError","exc_value":"No module named 'transformers'","exc_notes":[],"syntax_error":null,"is_cause":false,"frames":[{"filename":"/home/airflow/.local/lib/python3.12/site-packages/airflow/models/dagbag.py","lineno":394,"name":"parse"},{"filename":"<frozen importlib._bootstrap_external>","lineno":999,"name":"exec_module"},{"filename":"<frozen importlib._bootstrap>","lineno":488,"name":"_call_with_frames_removed"},{"filename":"/opt/airflow/dags/dag_sentiment_analysis_roberta.py","lineno":16,"name":"<module>"},{"filename":"/opt/airflow/scripts/sentiment_engine_roberta.py","lineno":3,"name":"<module>"}],"is_group":false,"exceptions":[]}]}
{"timestamp":"2025-10-31T10:09:40.415986Z","level":"info","event":"ERREUR : Impossible d'importer 'sentiment_engine_roberta' depuis 'scripts/'.","chan":"stdout","logger":"processor"}
{"timestamp":"2025-10-31T10:09:40.416534Z","level":"info","event":"Vérifiez que le fichier existe et que 'torch'/'transformers' sont dans le Dockerfile.","chan":"stdout","logger":"processor"}
{"timestamp":"2025-10-31T10:10:11.279107","level":"info","event":"Filling up the DagBag from /opt/airflow/dags/dag_sentiment_analysis_roberta.py","logger":"airflow.models.dagbag.DagBag"}
{"timestamp":"2025-10-31T10:10:11.359117Z","level":"info","event":"ERREUR : Impossible d'importer 'sentiment_engine_roberta' depuis 'scripts/'.","chan":"stdout","logger":"processor"}
{"timestamp":"2025-10-31T10:10:11.361611Z","level":"info","event":"Vérifiez que le fichier existe et que 'torch'/'transformers' sont dans le Dockerfile.","chan":"stdout","logger":"processor"}
{"timestamp":"2025-10-31T10:10:11.359054","level":"error","event":"Failed to import: /opt/airflow/dags/dag_sentiment_analysis_roberta.py","logger":"airflow.models.dagbag.DagBag","error_detail":[{"exc_type":"ModuleNotFoundError","exc_value":"No module named 'transformers'","exc_notes":[],"syntax_error":null,"is_cause":false,"frames":[{"filename":"/home/airflow/.local/lib/python3.12/site-packages/airflow/models/dagbag.py","lineno":394,"name":"parse"},{"filename":"<frozen importlib._bootstrap_external>","lineno":999,"name":"exec_module"},{"filename":"<frozen importlib._bootstrap>","lineno":488,"name":"_call_with_frames_removed"},{"filename":"/opt/airflow/dags/dag_sentiment_analysis_roberta.py","lineno":16,"name":"<module>"},{"filename":"/opt/airflow/scripts/sentiment_engine_roberta.py","lineno":3,"name":"<module>"}],"is_group":false,"exceptions":[]}]}
{"timestamp":"2025-10-31T10:10:42.379473","level":"info","event":"Filling up the DagBag from /opt/airflow/dags/dag_sentiment_analysis_roberta.py","logger":"airflow.models.dagbag.DagBag"}
{"timestamp":"2025-10-31T10:10:42.439174Z","level":"info","event":"ERREUR : Impossible d'importer 'sentiment_engine_roberta' depuis 'scripts/'.","chan":"stdout","logger":"processor"}
{"timestamp":"2025-10-31T10:10:42.439662Z","level":"info","event":"Vérifiez que le fichier existe et que 'torch'/'transformers' sont dans le Dockerfile.","chan":"stdout","logger":"processor"}
{"timestamp":"2025-10-31T10:10:42.439114","level":"error","event":"Failed to import: /opt/airflow/dags/dag_sentiment_analysis_roberta.py","logger":"airflow.models.dagbag.DagBag","error_detail":[{"exc_type":"ModuleNotFoundError","exc_value":"No module named 'transformers'","exc_notes":[],"syntax_error":null,"is_cause":false,"frames":[{"filename":"/home/airflow/.local/lib/python3.12/site-packages/airflow/models/dagbag.py","lineno":394,"name":"parse"},{"filename":"<frozen importlib._bootstrap_external>","lineno":999,"name":"exec_module"},{"filename":"<frozen importlib._bootstrap>","lineno":488,"name":"_call_with_frames_removed"},{"filename":"/opt/airflow/dags/dag_sentiment_analysis_roberta.py","lineno":16,"name":"<module>"},{"filename":"/opt/airflow/scripts/sentiment_engine_roberta.py","lineno":3,"name":"<module>"}],"is_group":false,"exceptions":[]}]}
{"timestamp":"2025-10-31T10:11:12.717922","level":"info","event":"Filling up the DagBag from /opt/airflow/dags/dag_sentiment_analysis_roberta.py","logger":"airflow.models.dagbag.DagBag"}
{"timestamp":"2025-10-31T10:11:12.794573Z","level":"info","event":"ERREUR : Impossible d'importer 'sentiment_engine_roberta' depuis 'scripts/'.","chan":"stdout","logger":"processor"}
{"timestamp":"2025-10-31T10:11:12.795109Z","level":"info","event":"Vérifiez que le fichier existe et que 'torch'/'transformers' sont dans le Dockerfile.","chan":"stdout","logger":"processor"}
{"timestamp":"2025-10-31T10:11:12.794572","level":"error","event":"Failed to import: /opt/airflow/dags/dag_sentiment_analysis_roberta.py","logger":"airflow.models.dagbag.DagBag","error_detail":[{"exc_type":"ModuleNotFoundError","exc_value":"No module named 'transformers'","exc_notes":[],"syntax_error":null,"is_cause":false,"frames":[{"filename":"/home/airflow/.local/lib/python3.12/site-packages/airflow/models/dagbag.py","lineno":394,"name":"parse"},{"filename":"<frozen importlib._bootstrap_external>","lineno":999,"name":"exec_module"},{"filename":"<frozen importlib._bootstrap>","lineno":488,"name":"_call_with_frames_removed"},{"filename":"/opt/airflow/dags/dag_sentiment_analysis_roberta.py","lineno":16,"name":"<module>"},{"filename":"/opt/airflow/scripts/sentiment_engine_roberta.py","lineno":3,"name":"<module>"}],"is_group":false,"exceptions":[]}]}
{"timestamp":"2025-10-31T10:11:42.966585","level":"info","event":"Filling up the DagBag from /opt/airflow/dags/dag_sentiment_analysis_roberta.py","logger":"airflow.models.dagbag.DagBag"}
{"timestamp":"2025-10-31T10:11:43.024721Z","level":"info","event":"ERREUR : Impossible d'importer 'sentiment_engine_roberta' depuis 'scripts/'.","chan":"stdout","logger":"processor"}
{"timestamp":"2025-10-31T10:11:43.025554Z","level":"info","event":"Vérifiez que le fichier existe et que 'torch'/'transformers' sont dans le Dockerfile.","chan":"stdout","logger":"processor"}
{"timestamp":"2025-10-31T10:11:43.024638","level":"error","event":"Failed to import: /opt/airflow/dags/dag_sentiment_analysis_roberta.py","logger":"airflow.models.dagbag.DagBag","error_detail":[{"exc_type":"ModuleNotFoundError","exc_value":"No module named 'transformers'","exc_notes":[],"syntax_error":null,"is_cause":false,"frames":[{"filename":"/home/airflow/.local/lib/python3.12/site-packages/airflow/models/dagbag.py","lineno":394,"name":"parse"},{"filename":"<frozen importlib._bootstrap_external>","lineno":999,"name":"exec_module"},{"filename":"<frozen importlib._bootstrap>","lineno":488,"name":"_call_with_frames_removed"},{"filename":"/opt/airflow/dags/dag_sentiment_analysis_roberta.py","lineno":16,"name":"<module>"},{"filename":"/opt/airflow/scripts/sentiment_engine_roberta.py","lineno":3,"name":"<module>"}],"is_group":false,"exceptions":[]}]}
{"timestamp":"2025-10-31T10:13:44.218994","level":"info","event":"Filling up the DagBag from /opt/airflow/dags/dag_sentiment_analysis_roberta.py","logger":"airflow.models.dagbag.DagBag"}
{"timestamp":"2025-10-31T10:13:44.313160","level":"error","event":"Failed to import: /opt/airflow/dags/dag_sentiment_analysis_roberta.py","logger":"airflow.models.dagbag.DagBag","error_detail":[{"exc_type":"ModuleNotFoundError","exc_value":"No module named 'transformers'","exc_notes":[],"syntax_error":null,"is_cause":false,"frames":[{"filename":"/home/airflow/.local/lib/python3.12/site-packages/airflow/models/dagbag.py","lineno":394,"name":"parse"},{"filename":"<frozen importlib._bootstrap_external>","lineno":999,"name":"exec_module"},{"filename":"<frozen importlib._bootstrap>","lineno":488,"name":"_call_with_frames_removed"},{"filename":"/opt/airflow/dags/dag_sentiment_analysis_roberta.py","lineno":16,"name":"<module>"},{"filename":"/opt/airflow/scripts/sentiment_engine_roberta.py","lineno":3,"name":"<module>"}],"is_group":false,"exceptions":[]}]}
{"timestamp":"2025-10-31T10:13:47.829000Z","level":"info","event":"ERREUR : Impossible d'importer 'sentiment_engine_roberta' depuis 'scripts/'.","chan":"stdout","logger":"processor"}
{"timestamp":"2025-10-31T10:13:47.829530Z","level":"info","event":"Vérifiez que le fichier existe et que 'torch'/'transformers' sont dans le Dockerfile.","chan":"stdout","logger":"processor"}
{"timestamp":"2025-10-31T10:14:18.504147","level":"info","event":"Filling up the DagBag from /opt/airflow/dags/dag_sentiment_analysis_roberta.py","logger":"airflow.models.dagbag.DagBag"}
{"timestamp":"2025-10-31T10:14:18.573403Z","level":"info","event":"ERREUR : Impossible d'importer 'sentiment_engine_roberta' depuis 'scripts/'.","chan":"stdout","logger":"processor"}
{"timestamp":"2025-10-31T10:14:18.573931Z","level":"info","event":"Vérifiez que le fichier existe et que 'torch'/'transformers' sont dans le Dockerfile.","chan":"stdout","logger":"processor"}
{"timestamp":"2025-10-31T10:14:18.573366","level":"error","event":"Failed to import: /opt/airflow/dags/dag_sentiment_analysis_roberta.py","logger":"airflow.models.dagbag.DagBag","error_detail":[{"exc_type":"ModuleNotFoundError","exc_value":"No module named 'transformers'","exc_notes":[],"syntax_error":null,"is_cause":false,"frames":[{"filename":"/home/airflow/.local/lib/python3.12/site-packages/airflow/models/dagbag.py","lineno":394,"name":"parse"},{"filename":"<frozen importlib._bootstrap_external>","lineno":999,"name":"exec_module"},{"filename":"<frozen importlib._bootstrap>","lineno":488,"name":"_call_with_frames_removed"},{"filename":"/opt/airflow/dags/dag_sentiment_analysis_roberta.py","lineno":16,"name":"<module>"},{"filename":"/opt/airflow/scripts/sentiment_engine_roberta.py","lineno":3,"name":"<module>"}],"is_group":false,"exceptions":[]}]}
{"timestamp":"2025-10-31T10:14:49.127304","level":"info","event":"Filling up the DagBag from /opt/airflow/dags/dag_sentiment_analysis_roberta.py","logger":"airflow.models.dagbag.DagBag"}
{"timestamp":"2025-10-31T10:14:49.194402Z","level":"info","event":"ERREUR : Impossible d'importer 'sentiment_engine_roberta' depuis 'scripts/'.","chan":"stdout","logger":"processor"}
{"timestamp":"2025-10-31T10:14:49.195170Z","level":"info","event":"Vérifiez que le fichier existe et que 'torch'/'transformers' sont dans le Dockerfile.","chan":"stdout","logger":"processor"}
{"timestamp":"2025-10-31T10:14:49.194295","level":"error","event":"Failed to import: /opt/airflow/dags/dag_sentiment_analysis_roberta.py","logger":"airflow.models.dagbag.DagBag","error_detail":[{"exc_type":"ModuleNotFoundError","exc_value":"No module named 'transformers'","exc_notes":[],"syntax_error":null,"is_cause":false,"frames":[{"filename":"/home/airflow/.local/lib/python3.12/site-packages/airflow/models/dagbag.py","lineno":394,"name":"parse"},{"filename":"<frozen importlib._bootstrap_external>","lineno":999,"name":"exec_module"},{"filename":"<frozen importlib._bootstrap>","lineno":488,"name":"_call_with_frames_removed"},{"filename":"/opt/airflow/dags/dag_sentiment_analysis_roberta.py","lineno":16,"name":"<module>"},{"filename":"/opt/airflow/scripts/sentiment_engine_roberta.py","lineno":3,"name":"<module>"}],"is_group":false,"exceptions":[]}]}
{"timestamp":"2025-10-31T10:22:22.321522","level":"info","event":"Filling up the DagBag from /opt/airflow/dags/dag_sentiment_analysis_roberta.py","logger":"airflow.models.dagbag.DagBag"}
{"timestamp":"2025-10-31T10:22:22.421351","level":"error","event":"Failed to import: /opt/airflow/dags/dag_sentiment_analysis_roberta.py","logger":"airflow.models.dagbag.DagBag","error_detail":[{"exc_type":"ModuleNotFoundError","exc_value":"No module named 'transformers'","exc_notes":[],"syntax_error":null,"is_cause":false,"frames":[{"filename":"/home/airflow/.local/lib/python3.12/site-packages/airflow/models/dagbag.py","lineno":394,"name":"parse"},{"filename":"<frozen importlib._bootstrap_external>","lineno":999,"name":"exec_module"},{"filename":"<frozen importlib._bootstrap>","lineno":488,"name":"_call_with_frames_removed"},{"filename":"/opt/airflow/dags/dag_sentiment_analysis_roberta.py","lineno":16,"name":"<module>"},{"filename":"/opt/airflow/scripts/sentiment_engine_roberta.py","lineno":3,"name":"<module>"}],"is_group":false,"exceptions":[]}]}
{"timestamp":"2025-10-31T10:22:26.206115Z","level":"info","event":"ERREUR : Impossible d'importer 'sentiment_engine_roberta' depuis 'scripts/'.","chan":"stdout","logger":"processor"}
{"timestamp":"2025-10-31T10:22:26.206806Z","level":"info","event":"Vérifiez que le fichier existe et que 'torch'/'transformers' sont dans le Dockerfile.","chan":"stdout","logger":"processor"}
{"timestamp":"2025-10-31T10:22:56.406495","level":"info","event":"Filling up the DagBag from /opt/airflow/dags/dag_sentiment_analysis_roberta.py","logger":"airflow.models.dagbag.DagBag"}
{"timestamp":"2025-10-31T10:22:56.471624","level":"error","event":"Failed to import: /opt/airflow/dags/dag_sentiment_analysis_roberta.py","logger":"airflow.models.dagbag.DagBag","error_detail":[{"exc_type":"ModuleNotFoundError","exc_value":"No module named 'transformers'","exc_notes":[],"syntax_error":null,"is_cause":false,"frames":[{"filename":"/home/airflow/.local/lib/python3.12/site-packages/airflow/models/dagbag.py","lineno":394,"name":"parse"},{"filename":"<frozen importlib._bootstrap_external>","lineno":999,"name":"exec_module"},{"filename":"<frozen importlib._bootstrap>","lineno":488,"name":"_call_with_frames_removed"},{"filename":"/opt/airflow/dags/dag_sentiment_analysis_roberta.py","lineno":16,"name":"<module>"},{"filename":"/opt/airflow/scripts/sentiment_engine_roberta.py","lineno":3,"name":"<module>"}],"is_group":false,"exceptions":[]}]}
{"timestamp":"2025-10-31T10:22:56.483473Z","level":"info","event":"ERREUR : Impossible d'importer 'sentiment_engine_roberta' depuis 'scripts/'.","chan":"stdout","logger":"processor"}
{"timestamp":"2025-10-31T10:22:56.484068Z","level":"info","event":"Vérifiez que le fichier existe et que 'torch'/'transformers' sont dans le Dockerfile.","chan":"stdout","logger":"processor"}
{"timestamp":"2025-10-31T10:55:50.758070","level":"info","event":"Filling up the DagBag from /opt/airflow/dags/dag_sentiment_analysis_roberta.py","logger":"airflow.models.dagbag.DagBag"}
{"timestamp":"2025-10-31T10:56:33.928616","level":"info","event":"Filling up the DagBag from /opt/airflow/dags/dag_sentiment_analysis_roberta.py","logger":"airflow.models.dagbag.DagBag"}
{"timestamp":"2025-10-31T10:57:13.315251","level":"info","event":"Filling up the DagBag from /opt/airflow/dags/dag_sentiment_analysis_roberta.py","logger":"airflow.models.dagbag.DagBag"}
{"timestamp":"2025-10-31T10:57:54.692576","level":"info","event":"Filling up the DagBag from /opt/airflow/dags/dag_sentiment_analysis_roberta.py","logger":"airflow.models.dagbag.DagBag"}
{"timestamp":"2025-10-31T10:58:32.966288","level":"info","event":"Filling up the DagBag from /opt/airflow/dags/dag_sentiment_analysis_roberta.py","logger":"airflow.models.dagbag.DagBag"}
{"timestamp":"2025-10-31T10:59:11.416517","level":"info","event":"Filling up the DagBag from /opt/airflow/dags/dag_sentiment_analysis_roberta.py","logger":"airflow.models.dagbag.DagBag"}
{"timestamp":"2025-10-31T10:59:50.105326","level":"info","event":"Filling up the DagBag from /opt/airflow/dags/dag_sentiment_analysis_roberta.py","logger":"airflow.models.dagbag.DagBag"}
{"timestamp":"2025-10-31T11:00:27.941481","level":"info","event":"Filling up the DagBag from /opt/airflow/dags/dag_sentiment_analysis_roberta.py","logger":"airflow.models.dagbag.DagBag"}
{"timestamp":"2025-10-31T11:01:06.643262","level":"info","event":"Filling up the DagBag from /opt/airflow/dags/dag_sentiment_analysis_roberta.py","logger":"airflow.models.dagbag.DagBag"}
{"timestamp":"2025-10-31T11:01:44.499131","level":"info","event":"Filling up the DagBag from /opt/airflow/dags/dag_sentiment_analysis_roberta.py","logger":"airflow.models.dagbag.DagBag"}
{"timestamp":"2025-10-31T11:02:21.926869","level":"info","event":"Filling up the DagBag from /opt/airflow/dags/dag_sentiment_analysis_roberta.py","logger":"airflow.models.dagbag.DagBag"}
{"timestamp":"2025-10-31T11:03:00.012086","level":"info","event":"Filling up the DagBag from /opt/airflow/dags/dag_sentiment_analysis_roberta.py","logger":"airflow.models.dagbag.DagBag"}
{"timestamp":"2025-10-31T11:03:37.406448","level":"info","event":"Filling up the DagBag from /opt/airflow/dags/dag_sentiment_analysis_roberta.py","logger":"airflow.models.dagbag.DagBag"}
{"timestamp":"2025-10-31T11:04:14.819420","level":"info","event":"Filling up the DagBag from /opt/airflow/dags/dag_sentiment_analysis_roberta.py","logger":"airflow.models.dagbag.DagBag"}
{"timestamp":"2025-10-31T11:04:53.541530","level":"info","event":"Filling up the DagBag from /opt/airflow/dags/dag_sentiment_analysis_roberta.py","logger":"airflow.models.dagbag.DagBag"}
{"timestamp":"2025-10-31T11:05:31.275643","level":"info","event":"Filling up the DagBag from /opt/airflow/dags/dag_sentiment_analysis_roberta.py","logger":"airflow.models.dagbag.DagBag"}
{"timestamp":"2025-10-31T11:06:08.809707","level":"info","event":"Filling up the DagBag from /opt/airflow/dags/dag_sentiment_analysis_roberta.py","logger":"airflow.models.dagbag.DagBag"}
{"timestamp":"2025-10-31T11:06:46.977673","level":"info","event":"Filling up the DagBag from /opt/airflow/dags/dag_sentiment_analysis_roberta.py","logger":"airflow.models.dagbag.DagBag"}
{"timestamp":"2025-10-31T11:07:24.142643","level":"info","event":"Filling up the DagBag from /opt/airflow/dags/dag_sentiment_analysis_roberta.py","logger":"airflow.models.dagbag.DagBag"}
{"timestamp":"2025-10-31T11:08:01.503140","level":"info","event":"Filling up the DagBag from /opt/airflow/dags/dag_sentiment_analysis_roberta.py","logger":"airflow.models.dagbag.DagBag"}
{"timestamp":"2025-10-31T11:08:38.532825","level":"info","event":"Filling up the DagBag from /opt/airflow/dags/dag_sentiment_analysis_roberta.py","logger":"airflow.models.dagbag.DagBag"}
{"timestamp":"2025-10-31T11:09:16.118682","level":"info","event":"Filling up the DagBag from /opt/airflow/dags/dag_sentiment_analysis_roberta.py","logger":"airflow.models.dagbag.DagBag"}
{"timestamp":"2025-10-31T11:09:53.775541","level":"info","event":"Filling up the DagBag from /opt/airflow/dags/dag_sentiment_analysis_roberta.py","logger":"airflow.models.dagbag.DagBag"}
{"timestamp":"2025-10-31T11:10:31.667627","level":"info","event":"Filling up the DagBag from /opt/airflow/dags/dag_sentiment_analysis_roberta.py","logger":"airflow.models.dagbag.DagBag"}
{"timestamp":"2025-10-31T11:11:09.748547","level":"info","event":"Filling up the DagBag from /opt/airflow/dags/dag_sentiment_analysis_roberta.py","logger":"airflow.models.dagbag.DagBag"}
{"timestamp":"2025-10-31T11:11:48.522473","level":"info","event":"Filling up the DagBag from /opt/airflow/dags/dag_sentiment_analysis_roberta.py","logger":"airflow.models.dagbag.DagBag"}
{"timestamp":"2025-10-31T11:11:58.634352","level":"info","event":"Filling up the DagBag from /opt/airflow/dags/dag_sentiment_analysis_roberta.py","logger":"airflow.models.dagbag.DagBag"}
{"timestamp":"2025-10-31T11:12:38.222504","level":"info","event":"Filling up the DagBag from /opt/airflow/dags/dag_sentiment_analysis_roberta.py","logger":"airflow.models.dagbag.DagBag"}
{"timestamp":"2025-10-31T11:12:59.289707","level":"info","event":"Filling up the DagBag from /opt/airflow/dags/dag_sentiment_analysis_roberta.py","logger":"airflow.models.dagbag.DagBag"}
{"timestamp":"2025-10-31T11:13:37.551168","level":"info","event":"Filling up the DagBag from /opt/airflow/dags/dag_sentiment_analysis_roberta.py","logger":"airflow.models.dagbag.DagBag"}
{"timestamp":"2025-10-31T11:14:14.882240","level":"info","event":"Filling up the DagBag from /opt/airflow/dags/dag_sentiment_analysis_roberta.py","logger":"airflow.models.dagbag.DagBag"}
{"timestamp":"2025-10-31T11:14:52.903102","level":"info","event":"Filling up the DagBag from /opt/airflow/dags/dag_sentiment_analysis_roberta.py","logger":"airflow.models.dagbag.DagBag"}
{"timestamp":"2025-10-31T11:15:30.836355","level":"info","event":"Filling up the DagBag from /opt/airflow/dags/dag_sentiment_analysis_roberta.py","logger":"airflow.models.dagbag.DagBag"}
{"timestamp":"2025-10-31T11:16:10.544538","level":"info","event":"Filling up the DagBag from /opt/airflow/dags/dag_sentiment_analysis_roberta.py","logger":"airflow.models.dagbag.DagBag"}
{"timestamp":"2025-10-31T11:16:49.181762","level":"info","event":"Filling up the DagBag from /opt/airflow/dags/dag_sentiment_analysis_roberta.py","logger":"airflow.models.dagbag.DagBag"}
{"timestamp":"2025-10-31T11:17:27.165187","level":"info","event":"Filling up the DagBag from /opt/airflow/dags/dag_sentiment_analysis_roberta.py","logger":"airflow.models.dagbag.DagBag"}
{"timestamp":"2025-10-31T11:17:58.992555","level":"info","event":"Filling up the DagBag from /opt/airflow/dags/dag_sentiment_analysis_roberta.py","logger":"airflow.models.dagbag.DagBag"}
{"timestamp":"2025-10-31T11:18:37.614996","level":"info","event":"Filling up the DagBag from /opt/airflow/dags/dag_sentiment_analysis_roberta.py","logger":"airflow.models.dagbag.DagBag"}
{"timestamp":"2025-10-31T11:19:15.563136","level":"info","event":"Filling up the DagBag from /opt/airflow/dags/dag_sentiment_analysis_roberta.py","logger":"airflow.models.dagbag.DagBag"}
{"timestamp":"2025-10-31T11:19:53.811975","level":"info","event":"Filling up the DagBag from /opt/airflow/dags/dag_sentiment_analysis_roberta.py","logger":"airflow.models.dagbag.DagBag"}
{"timestamp":"2025-10-31T11:20:05.461574","level":"info","event":"Filling up the DagBag from /opt/airflow/dags/dag_sentiment_analysis_roberta.py","logger":"airflow.models.dagbag.DagBag"}
{"timestamp":"2025-10-31T11:20:43.377070","level":"info","event":"Filling up the DagBag from /opt/airflow/dags/dag_sentiment_analysis_roberta.py","logger":"airflow.models.dagbag.DagBag"}
{"timestamp":"2025-10-31T11:20:55.099519","level":"info","event":"Filling up the DagBag from /opt/airflow/dags/dag_sentiment_analysis_roberta.py","logger":"airflow.models.dagbag.DagBag"}
{"timestamp":"2025-10-31T11:21:33.166001","level":"info","event":"Filling up the DagBag from /opt/airflow/dags/dag_sentiment_analysis_roberta.py","logger":"airflow.models.dagbag.DagBag"}
{"timestamp":"2025-10-31T11:22:18.376652","level":"info","event":"Filling up the DagBag from /opt/airflow/dags/dag_sentiment_analysis_roberta.py","logger":"airflow.models.dagbag.DagBag"}
{"timestamp":"2025-10-31T11:22:58.680666","level":"info","event":"Filling up the DagBag from /opt/airflow/dags/dag_sentiment_analysis_roberta.py","logger":"airflow.models.dagbag.DagBag"}
{"timestamp":"2025-10-31T11:23:37.562439","level":"info","event":"Filling up the DagBag from /opt/airflow/dags/dag_sentiment_analysis_roberta.py","logger":"airflow.models.dagbag.DagBag"}
{"timestamp":"2025-10-31T11:24:15.219807","level":"info","event":"Filling up the DagBag from /opt/airflow/dags/dag_sentiment_analysis_roberta.py","logger":"airflow.models.dagbag.DagBag"}
{"timestamp":"2025-10-31T11:24:52.104540","level":"info","event":"Filling up the DagBag from /opt/airflow/dags/dag_sentiment_analysis_roberta.py","logger":"airflow.models.dagbag.DagBag"}
{"timestamp":"2025-10-31T11:25:29.499799","level":"info","event":"Filling up the DagBag from /opt/airflow/dags/dag_sentiment_analysis_roberta.py","logger":"airflow.models.dagbag.DagBag"}
{"timestamp":"2025-10-31T11:26:06.948131","level":"info","event":"Filling up the DagBag from /opt/airflow/dags/dag_sentiment_analysis_roberta.py","logger":"airflow.models.dagbag.DagBag"}
{"timestamp":"2025-10-31T11:26:45.184910","level":"info","event":"Filling up the DagBag from /opt/airflow/dags/dag_sentiment_analysis_roberta.py","logger":"airflow.models.dagbag.DagBag"}
{"timestamp":"2025-10-31T11:27:22.793225","level":"info","event":"Filling up the DagBag from /opt/airflow/dags/dag_sentiment_analysis_roberta.py","logger":"airflow.models.dagbag.DagBag"}
{"timestamp":"2025-10-31T11:28:00.120549","level":"info","event":"Filling up the DagBag from /opt/airflow/dags/dag_sentiment_analysis_roberta.py","logger":"airflow.models.dagbag.DagBag"}
{"timestamp":"2025-10-31T11:28:38.352773","level":"info","event":"Filling up the DagBag from /opt/airflow/dags/dag_sentiment_analysis_roberta.py","logger":"airflow.models.dagbag.DagBag"}
{"timestamp":"2025-10-31T11:29:15.883419","level":"info","event":"Filling up the DagBag from /opt/airflow/dags/dag_sentiment_analysis_roberta.py","logger":"airflow.models.dagbag.DagBag"}
{"timestamp":"2025-10-31T11:29:52.636551","level":"info","event":"Filling up the DagBag from /opt/airflow/dags/dag_sentiment_analysis_roberta.py","logger":"airflow.models.dagbag.DagBag"}
{"timestamp":"2025-10-31T11:30:29.786840","level":"info","event":"Filling up the DagBag from /opt/airflow/dags/dag_sentiment_analysis_roberta.py","logger":"airflow.models.dagbag.DagBag"}
{"timestamp":"2025-10-31T11:31:07.673063","level":"info","event":"Filling up the DagBag from /opt/airflow/dags/dag_sentiment_analysis_roberta.py","logger":"airflow.models.dagbag.DagBag"}
{"timestamp":"2025-10-31T11:31:44.951426","level":"info","event":"Filling up the DagBag from /opt/airflow/dags/dag_sentiment_analysis_roberta.py","logger":"airflow.models.dagbag.DagBag"}
{"timestamp":"2025-10-31T11:32:22.721608","level":"info","event":"Filling up the DagBag from /opt/airflow/dags/dag_sentiment_analysis_roberta.py","logger":"airflow.models.dagbag.DagBag"}
{"timestamp":"2025-10-31T11:33:00.830172","level":"info","event":"Filling up the DagBag from /opt/airflow/dags/dag_sentiment_analysis_roberta.py","logger":"airflow.models.dagbag.DagBag"}
{"timestamp":"2025-10-31T11:33:38.982053","level":"info","event":"Filling up the DagBag from /opt/airflow/dags/dag_sentiment_analysis_roberta.py","logger":"airflow.models.dagbag.DagBag"}
{"timestamp":"2025-10-31T11:34:16.693688","level":"info","event":"Filling up the DagBag from /opt/airflow/dags/dag_sentiment_analysis_roberta.py","logger":"airflow.models.dagbag.DagBag"}
{"timestamp":"2025-10-31T11:34:54.839401","level":"info","event":"Filling up the DagBag from /opt/airflow/dags/dag_sentiment_analysis_roberta.py","logger":"airflow.models.dagbag.DagBag"}
{"timestamp":"2025-10-31T11:35:32.283628","level":"info","event":"Filling up the DagBag from /opt/airflow/dags/dag_sentiment_analysis_roberta.py","logger":"airflow.models.dagbag.DagBag"}
{"timestamp":"2025-10-31T11:36:10.573866","level":"info","event":"Filling up the DagBag from /opt/airflow/dags/dag_sentiment_analysis_roberta.py","logger":"airflow.models.dagbag.DagBag"}
{"timestamp":"2025-10-31T11:36:48.034996","level":"info","event":"Filling up the DagBag from /opt/airflow/dags/dag_sentiment_analysis_roberta.py","logger":"airflow.models.dagbag.DagBag"}
{"timestamp":"2025-10-31T11:37:25.867961","level":"info","event":"Filling up the DagBag from /opt/airflow/dags/dag_sentiment_analysis_roberta.py","logger":"airflow.models.dagbag.DagBag"}
{"timestamp":"2025-10-31T11:38:02.843949","level":"info","event":"Filling up the DagBag from /opt/airflow/dags/dag_sentiment_analysis_roberta.py","logger":"airflow.models.dagbag.DagBag"}
{"timestamp":"2025-10-31T11:52:41.935104","level":"info","event":"Filling up the DagBag from /opt/airflow/dags/dag_sentiment_analysis_roberta.py","logger":"airflow.models.dagbag.DagBag"}
{"timestamp":"2025-10-31T11:53:23.572637","level":"info","event":"Filling up the DagBag from /opt/airflow/dags/dag_sentiment_analysis_roberta.py","logger":"airflow.models.dagbag.DagBag"}
{"timestamp":"2025-10-31T11:54:01.137077","level":"info","event":"Filling up the DagBag from /opt/airflow/dags/dag_sentiment_analysis_roberta.py","logger":"airflow.models.dagbag.DagBag"}
{"timestamp":"2025-10-31T11:54:38.832411","level":"info","event":"Filling up the DagBag from /opt/airflow/dags/dag_sentiment_analysis_roberta.py","logger":"airflow.models.dagbag.DagBag"}
{"timestamp":"2025-10-31T11:55:17.377224","level":"info","event":"Filling up the DagBag from /opt/airflow/dags/dag_sentiment_analysis_roberta.py","logger":"airflow.models.dagbag.DagBag"}
{"timestamp":"2025-10-31T11:55:43.036859","level":"info","event":"Filling up the DagBag from /opt/airflow/dags/dag_sentiment_analysis_roberta.py","logger":"airflow.models.dagbag.DagBag"}
{"timestamp":"2025-10-31T11:56:20.895829","level":"info","event":"Filling up the DagBag from /opt/airflow/dags/dag_sentiment_analysis_roberta.py","logger":"airflow.models.dagbag.DagBag"}
{"timestamp":"2025-10-31T11:57:02.880097","level":"info","event":"Filling up the DagBag from /opt/airflow/dags/dag_sentiment_analysis_roberta.py","logger":"airflow.models.dagbag.DagBag"}
{"timestamp":"2025-10-31T11:57:40.431668","level":"info","event":"Filling up the DagBag from /opt/airflow/dags/dag_sentiment_analysis_roberta.py","logger":"airflow.models.dagbag.DagBag"}
{"timestamp":"2025-10-31T11:57:54.017534","level":"info","event":"Filling up the DagBag from /opt/airflow/dags/dag_sentiment_analysis_roberta.py","logger":"airflow.models.dagbag.DagBag"}
{"timestamp":"2025-10-31T11:58:31.216508","level":"info","event":"Filling up the DagBag from /opt/airflow/dags/dag_sentiment_analysis_roberta.py","logger":"airflow.models.dagbag.DagBag"}
{"timestamp":"2025-10-31T11:59:09.271286","level":"info","event":"Filling up the DagBag from /opt/airflow/dags/dag_sentiment_analysis_roberta.py","logger":"airflow.models.dagbag.DagBag"}
{"timestamp":"2025-10-31T11:59:51.640533","level":"info","event":"Filling up the DagBag from /opt/airflow/dags/dag_sentiment_analysis_roberta.py","logger":"airflow.models.dagbag.DagBag"}
{"timestamp":"2025-10-31T12:00:32.431992","level":"info","event":"Filling up the DagBag from /opt/airflow/dags/dag_sentiment_analysis_roberta.py","logger":"airflow.models.dagbag.DagBag"}
{"timestamp":"2025-10-31T12:01:16.271323","level":"info","event":"Filling up the DagBag from /opt/airflow/dags/dag_sentiment_analysis_roberta.py","logger":"airflow.models.dagbag.DagBag"}
{"timestamp":"2025-10-31T12:01:57.985941","level":"info","event":"Filling up the DagBag from /opt/airflow/dags/dag_sentiment_analysis_roberta.py","logger":"airflow.models.dagbag.DagBag"}
{"timestamp":"2025-10-31T12:02:38.871174","level":"info","event":"Filling up the DagBag from /opt/airflow/dags/dag_sentiment_analysis_roberta.py","logger":"airflow.models.dagbag.DagBag"}
{"timestamp":"2025-10-31T12:03:19.114728","level":"info","event":"Filling up the DagBag from /opt/airflow/dags/dag_sentiment_analysis_roberta.py","logger":"airflow.models.dagbag.DagBag"}
{"timestamp":"2025-10-31T12:03:56.623601","level":"info","event":"Filling up the DagBag from /opt/airflow/dags/dag_sentiment_analysis_roberta.py","logger":"airflow.models.dagbag.DagBag"}
{"timestamp":"2025-10-31T12:04:33.980140","level":"info","event":"Filling up the DagBag from /opt/airflow/dags/dag_sentiment_analysis_roberta.py","logger":"airflow.models.dagbag.DagBag"}
{"timestamp":"2025-10-31T12:05:11.342404","level":"info","event":"Filling up the DagBag from /opt/airflow/dags/dag_sentiment_analysis_roberta.py","logger":"airflow.models.dagbag.DagBag"}
{"timestamp":"2025-10-31T12:05:48.778605","level":"info","event":"Filling up the DagBag from /opt/airflow/dags/dag_sentiment_analysis_roberta.py","logger":"airflow.models.dagbag.DagBag"}
{"timestamp":"2025-10-31T12:06:26.833845","level":"info","event":"Filling up the DagBag from /opt/airflow/dags/dag_sentiment_analysis_roberta.py","logger":"airflow.models.dagbag.DagBag"}
{"timestamp":"2025-10-31T12:07:04.880364","level":"info","event":"Filling up the DagBag from /opt/airflow/dags/dag_sentiment_analysis_roberta.py","logger":"airflow.models.dagbag.DagBag"}
{"timestamp":"2025-10-31T12:07:42.309125","level":"info","event":"Filling up the DagBag from /opt/airflow/dags/dag_sentiment_analysis_roberta.py","logger":"airflow.models.dagbag.DagBag"}
{"timestamp":"2025-10-31T12:08:19.920094","level":"info","event":"Filling up the DagBag from /opt/airflow/dags/dag_sentiment_analysis_roberta.py","logger":"airflow.models.dagbag.DagBag"}
{"timestamp":"2025-10-31T12:08:57.435604","level":"info","event":"Filling up the DagBag from /opt/airflow/dags/dag_sentiment_analysis_roberta.py","logger":"airflow.models.dagbag.DagBag"}
{"timestamp":"2025-10-31T12:09:35.314266","level":"info","event":"Filling up the DagBag from /opt/airflow/dags/dag_sentiment_analysis_roberta.py","logger":"airflow.models.dagbag.DagBag"}
{"timestamp":"2025-10-31T12:10:12.578157","level":"info","event":"Filling up the DagBag from /opt/airflow/dags/dag_sentiment_analysis_roberta.py","logger":"airflow.models.dagbag.DagBag"}
{"timestamp":"2025-10-31T12:10:50.750558","level":"info","event":"Filling up the DagBag from /opt/airflow/dags/dag_sentiment_analysis_roberta.py","logger":"airflow.models.dagbag.DagBag"}
{"timestamp":"2025-10-31T12:11:28.614470","level":"info","event":"Filling up the DagBag from /opt/airflow/dags/dag_sentiment_analysis_roberta.py","logger":"airflow.models.dagbag.DagBag"}
{"timestamp":"2025-10-31T12:12:06.336105","level":"info","event":"Filling up the DagBag from /opt/airflow/dags/dag_sentiment_analysis_roberta.py","logger":"airflow.models.dagbag.DagBag"}
{"timestamp":"2025-10-31T12:12:43.311551","level":"info","event":"Filling up the DagBag from /opt/airflow/dags/dag_sentiment_analysis_roberta.py","logger":"airflow.models.dagbag.DagBag"}
{"timestamp":"2025-10-31T12:13:20.656568","level":"info","event":"Filling up the DagBag from /opt/airflow/dags/dag_sentiment_analysis_roberta.py","logger":"airflow.models.dagbag.DagBag"}
{"timestamp":"2025-10-31T12:13:58.194452","level":"info","event":"Filling up the DagBag from /opt/airflow/dags/dag_sentiment_analysis_roberta.py","logger":"airflow.models.dagbag.DagBag"}
{"timestamp":"2025-10-31T12:14:35.189412","level":"info","event":"Filling up the DagBag from /opt/airflow/dags/dag_sentiment_analysis_roberta.py","logger":"airflow.models.dagbag.DagBag"}
{"timestamp":"2025-10-31T12:15:12.699755","level":"info","event":"Filling up the DagBag from /opt/airflow/dags/dag_sentiment_analysis_roberta.py","logger":"airflow.models.dagbag.DagBag"}
{"timestamp":"2025-10-31T12:15:49.527831","level":"info","event":"Filling up the DagBag from /opt/airflow/dags/dag_sentiment_analysis_roberta.py","logger":"airflow.models.dagbag.DagBag"}
{"timestamp":"2025-10-31T12:16:26.619759","level":"info","event":"Filling up the DagBag from /opt/airflow/dags/dag_sentiment_analysis_roberta.py","logger":"airflow.models.dagbag.DagBag"}
{"timestamp":"2025-10-31T12:17:04.632007","level":"info","event":"Filling up the DagBag from /opt/airflow/dags/dag_sentiment_analysis_roberta.py","logger":"airflow.models.dagbag.DagBag"}
{"timestamp":"2025-10-31T12:17:41.663738","level":"info","event":"Filling up the DagBag from /opt/airflow/dags/dag_sentiment_analysis_roberta.py","logger":"airflow.models.dagbag.DagBag"}
{"timestamp":"2025-10-31T12:18:19.516538","level":"info","event":"Filling up the DagBag from /opt/airflow/dags/dag_sentiment_analysis_roberta.py","logger":"airflow.models.dagbag.DagBag"}
{"timestamp":"2025-10-31T12:18:57.425876","level":"info","event":"Filling up the DagBag from /opt/airflow/dags/dag_sentiment_analysis_roberta.py","logger":"airflow.models.dagbag.DagBag"}
{"timestamp":"2025-10-31T12:19:35.180636","level":"info","event":"Filling up the DagBag from /opt/airflow/dags/dag_sentiment_analysis_roberta.py","logger":"airflow.models.dagbag.DagBag"}
{"timestamp":"2025-10-31T12:20:12.232985","level":"info","event":"Filling up the DagBag from /opt/airflow/dags/dag_sentiment_analysis_roberta.py","logger":"airflow.models.dagbag.DagBag"}
{"timestamp":"2025-10-31T12:20:49.652180","level":"info","event":"Filling up the DagBag from /opt/airflow/dags/dag_sentiment_analysis_roberta.py","logger":"airflow.models.dagbag.DagBag"}
{"timestamp":"2025-10-31T12:21:28.092740","level":"info","event":"Filling up the DagBag from /opt/airflow/dags/dag_sentiment_analysis_roberta.py","logger":"airflow.models.dagbag.DagBag"}
{"timestamp":"2025-10-31T12:22:05.577564","level":"info","event":"Filling up the DagBag from /opt/airflow/dags/dag_sentiment_analysis_roberta.py","logger":"airflow.models.dagbag.DagBag"}
{"timestamp":"2025-10-31T12:22:43.489495","level":"info","event":"Filling up the DagBag from /opt/airflow/dags/dag_sentiment_analysis_roberta.py","logger":"airflow.models.dagbag.DagBag"}
{"timestamp":"2025-10-31T12:23:21.310131","level":"info","event":"Filling up the DagBag from /opt/airflow/dags/dag_sentiment_analysis_roberta.py","logger":"airflow.models.dagbag.DagBag"}
{"timestamp":"2025-10-31T12:23:59.210543","level":"info","event":"Filling up the DagBag from /opt/airflow/dags/dag_sentiment_analysis_roberta.py","logger":"airflow.models.dagbag.DagBag"}
{"timestamp":"2025-10-31T12:24:36.712351","level":"info","event":"Filling up the DagBag from /opt/airflow/dags/dag_sentiment_analysis_roberta.py","logger":"airflow.models.dagbag.DagBag"}
{"timestamp":"2025-10-31T12:25:14.644582","level":"info","event":"Filling up the DagBag from /opt/airflow/dags/dag_sentiment_analysis_roberta.py","logger":"airflow.models.dagbag.DagBag"}
{"timestamp":"2025-10-31T12:25:52.302363","level":"info","event":"Filling up the DagBag from /opt/airflow/dags/dag_sentiment_analysis_roberta.py","logger":"airflow.models.dagbag.DagBag"}
{"timestamp":"2025-10-31T12:26:30.259871","level":"info","event":"Filling up the DagBag from /opt/airflow/dags/dag_sentiment_analysis_roberta.py","logger":"airflow.models.dagbag.DagBag"}
{"timestamp":"2025-10-31T12:27:07.959176","level":"info","event":"Filling up the DagBag from /opt/airflow/dags/dag_sentiment_analysis_roberta.py","logger":"airflow.models.dagbag.DagBag"}
{"timestamp":"2025-10-31T12:27:45.824098","level":"info","event":"Filling up the DagBag from /opt/airflow/dags/dag_sentiment_analysis_roberta.py","logger":"airflow.models.dagbag.DagBag"}
{"timestamp":"2025-10-31T12:28:23.677089","level":"info","event":"Filling up the DagBag from /opt/airflow/dags/dag_sentiment_analysis_roberta.py","logger":"airflow.models.dagbag.DagBag"}
