{"timestamp":"2025-10-31T08:12:53.696733","level":"info","event":"DAG bundles loaded: dags-folder, example_dags","logger":"airflow.dag_processing.bundles.manager.DagBundlesManager"}
{"timestamp":"2025-10-31T08:12:53.697235","level":"info","event":"Filling up the DagBag from /opt/airflow/dags/dag_reddit_pipeline.py","logger":"airflow.models.dagbag.DagBag"}
{"timestamp":"2025-10-31T08:12:53.785367Z","level":"info","event":"Task instance is in running state","chan":"stdout","logger":"task"}
{"timestamp":"2025-10-31T08:12:53.786317Z","level":"info","event":" Previous state of the Task instance: TaskInstanceState.QUEUED","chan":"stdout","logger":"task"}
{"timestamp":"2025-10-31T08:12:53.786992Z","level":"info","event":"Current task name:run_full_reddit_pipeline","chan":"stdout","logger":"task"}
{"timestamp":"2025-10-31T08:12:53.787456Z","level":"info","event":"Dag name:reddit_extraction_pipeline","chan":"stdout","logger":"task"}
{"timestamp":"2025-10-31T08:12:53.787906Z","level":"info","event":"--- Lancement de l'Extraction (Étape 6a) ---","chan":"stdout","logger":"task"}
{"timestamp":"2025-10-31T08:12:53.838973Z","level":"info","event":"   -> ✅ Connecté au DWH.","chan":"stdout","logger":"task"}
{"timestamp":"2025-10-31T08:12:53.852205Z","level":"info","event":"--- ✅ SUCCÈS : 1738 produits à rechercher extraits ---","chan":"stdout","logger":"task"}
{"timestamp":"2025-10-31T08:12:53.853989Z","level":"info","event":"Connexion DWH fermée (phase 1).","chan":"stdout","logger":"task"}
{"timestamp":"2025-10-31T08:12:53.854525Z","level":"info","event":"","chan":"stdout","logger":"task"}
{"timestamp":"2025-10-31T08:12:53.855070Z","level":"info","event":"--- Lancement de la boucle de scraping pour 1738 produits ---","chan":"stdout","logger":"task"}
{"timestamp":"2025-10-31T08:12:53.855524Z","level":"info","event":"","chan":"stdout","logger":"task"}
{"timestamp":"2025-10-31T08:12:53.855973Z","level":"info","event":"-------------------------------------------------","chan":"stdout","logger":"task"}
{"timestamp":"2025-10-31T08:12:53.856551Z","level":"info","event":"--- Traitement Produit 1/1738 (Key: 8) ---","chan":"stdout","logger":"task"}
{"timestamp":"2025-10-31T08:12:53.857859Z","level":"info","event":"   -> Mot-clé généré : 'SAMSUNG QE50Q7F3AUXXN'","chan":"stdout","logger":"task"}
{"timestamp":"2025-10-31T08:12:53.858389Z","level":"info","event":"   -> (E) Appel API Reddit pour : 'SAMSUNG QE50Q7F3AUXXN' dans r/Televisions","chan":"stdout","logger":"task"}
{"timestamp":"2025-10-31T08:12:54.100828Z","level":"info","event":"   -> Pause de 7 secondes (respect des limites API)...","chan":"stdout","logger":"task"}
{"timestamp":"2025-10-31T08:13:01.102938Z","level":"info","event":"   -> ⚠️ Passe 1 (spécifique) n'a rien donné pour 'SAMSUNG QE50Q7F3AUXXN'.","chan":"stdout","logger":"task"}
{"timestamp":"2025-10-31T08:13:01.103472Z","level":"info","event":"   -> Lancement Passe 2 (large) avec juste la marque: 'SAMSUNG'","chan":"stdout","logger":"task"}
{"timestamp":"2025-10-31T08:13:01.103784Z","level":"info","event":"   -> (E) Appel API Reddit pour : 'SAMSUNG' dans r/Televisions","chan":"stdout","logger":"task"}
{"timestamp":"2025-10-31T08:13:01.604195Z","level":"info","event":"   -> Pause de 7 secondes (respect des limites API)...","chan":"stdout","logger":"task"}
{"timestamp":"2025-10-31T08:13:08.606138Z","level":"info","event":"   -> 25 posts bruts trouvés au total.","chan":"stdout","logger":"task"}
{"timestamp":"2025-10-31T08:13:08.636215Z","level":"info","event":"   -> (L) 25 posts reçus. Application du filtre de pertinence (Marque: 'SAMSUNG')...","chan":"stdout","logger":"task"}
{"timestamp":"2025-10-31T08:13:08.669062Z","level":"info","event":"   -> 0 nouveaux posts (pertinents) insérés.","chan":"stdout","logger":"task"}
{"timestamp":"2025-10-31T08:13:08.669592Z","level":"info","event":"   -> 0 posts filtrés (hors sujet).","chan":"stdout","logger":"task"}
{"timestamp":"2025-10-31T08:13:08.669964Z","level":"info","event":"   -> 25 posts ignorés (doublons).","chan":"stdout","logger":"task"}
{"timestamp":"2025-10-31T08:13:08.670468Z","level":"info","event":"   -> ✅ Données pour 'SAMSUNG QE50Q7F3AUXXN' sauvegardées.","chan":"stdout","logger":"task"}
{"timestamp":"2025-10-31T08:13:08.671711Z","level":"info","event":"","chan":"stdout","logger":"task"}
{"timestamp":"2025-10-31T08:13:08.673314Z","level":"info","event":"-------------------------------------------------","chan":"stdout","logger":"task"}
{"timestamp":"2025-10-31T08:13:08.674029Z","level":"info","event":"--- Traitement Produit 2/1738 (Key: 9) ---","chan":"stdout","logger":"task"}
{"timestamp":"2025-10-31T08:13:08.674488Z","level":"info","event":"   -> Mot-clé généré : 'LG C5 evo OLED42C54LA'","chan":"stdout","logger":"task"}
{"timestamp":"2025-10-31T08:13:08.674981Z","level":"info","event":"   -> (E) Appel API Reddit pour : 'LG C5 evo OLED42C54LA' dans r/Televisions","chan":"stdout","logger":"task"}
{"timestamp":"2025-10-31T08:13:09.140201Z","level":"info","event":"   -> Pause de 7 secondes (respect des limites API)...","chan":"stdout","logger":"task"}
{"timestamp":"2025-10-31T08:13:14.158679Z","level":"error","event":"Server indicated the task shouldn't be running anymore. Terminating process","detail":{"detail":{"reason":"not_running","message":"TI is no longer in the running state and task should terminate","current_state":"failed"}},"logger":"task"}
{"timestamp":"2025-10-31T08:13:16.142563Z","level":"info","event":"   -> 1 posts bruts trouvés au total.","chan":"stdout","logger":"task"}
{"timestamp":"2025-10-31T08:13:16.167473Z","level":"info","event":"   -> (L) 1 posts reçus. Application du filtre de pertinence (Marque: 'LG')...","chan":"stdout","logger":"task"}
{"timestamp":"2025-10-31T08:13:16.169258Z","level":"info","event":"   -> 0 nouveaux posts (pertinents) insérés.","chan":"stdout","logger":"task"}
{"timestamp":"2025-10-31T08:13:16.169803Z","level":"info","event":"   -> 0 posts filtrés (hors sujet).","chan":"stdout","logger":"task"}
{"timestamp":"2025-10-31T08:13:16.170265Z","level":"info","event":"   -> 1 posts ignorés (doublons).","chan":"stdout","logger":"task"}
{"timestamp":"2025-10-31T08:13:16.170750Z","level":"info","event":"   -> ✅ Données pour 'LG C5 evo OLED42C54LA' sauvegardées.","chan":"stdout","logger":"task"}
{"timestamp":"2025-10-31T08:13:16.172416Z","level":"info","event":"","chan":"stdout","logger":"task"}
{"timestamp":"2025-10-31T08:13:16.173145Z","level":"info","event":"-------------------------------------------------","chan":"stdout","logger":"task"}
{"timestamp":"2025-10-31T08:13:16.173674Z","level":"info","event":"--- Traitement Produit 3/1738 (Key: 10) ---","chan":"stdout","logger":"task"}
{"timestamp":"2025-10-31T08:13:16.174273Z","level":"info","event":"   -> Mot-clé généré : 'SAMSUNG QE77S95FATXXN'","chan":"stdout","logger":"task"}
{"timestamp":"2025-10-31T08:13:16.174841Z","level":"info","event":"   -> (E) Appel API Reddit pour : 'SAMSUNG QE77S95FATXXN' dans r/Televisions","chan":"stdout","logger":"task"}
{"timestamp":"2025-10-31T08:13:16.387735Z","level":"info","event":"   -> Pause de 7 secondes (respect des limites API)...","chan":"stdout","logger":"task"}
{"timestamp":"2025-10-31T08:13:19.213899Z","level":"error","event":"Task killed!","logger":"task"}
