{"timestamp":"2025-10-31T07:55:19.353324","level":"info","event":"DAG bundles loaded: dags-folder, example_dags","logger":"airflow.dag_processing.bundles.manager.DagBundlesManager"}
{"timestamp":"2025-10-31T07:55:19.353898","level":"info","event":"Filling up the DagBag from /opt/airflow/dags/dag_reddit_pipeline.py","logger":"airflow.models.dagbag.DagBag"}
{"timestamp":"2025-10-31T07:55:19.443136Z","level":"info","event":"Task instance is in running state","chan":"stdout","logger":"task"}
{"timestamp":"2025-10-31T07:55:19.444652Z","level":"info","event":" Previous state of the Task instance: TaskInstanceState.QUEUED","chan":"stdout","logger":"task"}
{"timestamp":"2025-10-31T07:55:19.445412Z","level":"info","event":"Current task name:run_full_reddit_pipeline","chan":"stdout","logger":"task"}
{"timestamp":"2025-10-31T07:55:19.445925Z","level":"info","event":"Dag name:reddit_extraction_pipeline","chan":"stdout","logger":"task"}
{"timestamp":"2025-10-31T07:55:19.446654Z","level":"info","event":"--- Lancement de l'Extraction (Étape 6a) ---","chan":"stdout","logger":"task"}
{"timestamp":"2025-10-31T07:55:19.497128Z","level":"info","event":"   -> ✅ Connecté au DWH.","chan":"stdout","logger":"task"}
{"timestamp":"2025-10-31T07:55:19.510068Z","level":"info","event":"--- ✅ SUCCÈS : 1737 produits à rechercher extraits ---","chan":"stdout","logger":"task"}
{"timestamp":"2025-10-31T07:55:19.512334Z","level":"info","event":"Connexion DWH fermée (phase 1).","chan":"stdout","logger":"task"}
{"timestamp":"2025-10-31T07:55:19.513142Z","level":"info","event":"","chan":"stdout","logger":"task"}
{"timestamp":"2025-10-31T07:55:19.513748Z","level":"info","event":"--- Lancement de la boucle de scraping pour 1737 produits ---","chan":"stdout","logger":"task"}
{"timestamp":"2025-10-31T07:55:19.514254Z","level":"info","event":"","chan":"stdout","logger":"task"}
{"timestamp":"2025-10-31T07:55:19.514636Z","level":"info","event":"-------------------------------------------------","chan":"stdout","logger":"task"}
{"timestamp":"2025-10-31T07:55:19.515096Z","level":"info","event":"--- Traitement Produit 1/1737 (Key: 8) ---","chan":"stdout","logger":"task"}
{"timestamp":"2025-10-31T07:55:19.515755Z","level":"info","event":"   -> Mot-clé généré : 'SAMSUNG QE50Q7F3AUXXN'","chan":"stdout","logger":"task"}
{"timestamp":"2025-10-31T07:55:19.516235Z","level":"info","event":"   -> (E) Appel API Reddit pour : 'SAMSUNG QE50Q7F3AUXXN' dans r/Televisions","chan":"stdout","logger":"task"}
{"timestamp":"2025-10-31T07:55:19.774092Z","level":"info","event":"   -> Pause de 7 secondes (respect des limites API)...","chan":"stdout","logger":"task"}
{"timestamp":"2025-10-31T07:55:26.775601Z","level":"info","event":"   -> ⚠️ Passe 1 (spécifique) n'a rien donné pour 'SAMSUNG QE50Q7F3AUXXN'.","chan":"stdout","logger":"task"}
{"timestamp":"2025-10-31T07:55:26.777307Z","level":"info","event":"   -> Lancement Passe 2 (large) avec juste la marque: 'SAMSUNG'","chan":"stdout","logger":"task"}
{"timestamp":"2025-10-31T07:55:26.777832Z","level":"info","event":"   -> (E) Appel API Reddit pour : 'SAMSUNG' dans r/Televisions","chan":"stdout","logger":"task"}
{"timestamp":"2025-10-31T07:55:27.280513Z","level":"info","event":"   -> Pause de 7 secondes (respect des limites API)...","chan":"stdout","logger":"task"}
{"timestamp":"2025-10-31T07:55:34.281956Z","level":"info","event":"   -> 25 posts bruts trouvés au total.","chan":"stdout","logger":"task"}
{"timestamp":"2025-10-31T07:55:34.311685Z","level":"info","event":"   -> (L) 25 posts reçus. Application du filtre de pertinence (Marque: 'SAMSUNG')...","chan":"stdout","logger":"task"}
{"timestamp":"2025-10-31T07:55:34.342887Z","level":"info","event":"   -> 0 nouveaux posts (pertinents) insérés.","chan":"stdout","logger":"task"}
{"timestamp":"2025-10-31T07:55:34.343398Z","level":"info","event":"   -> 0 posts filtrés (hors sujet).","chan":"stdout","logger":"task"}
{"timestamp":"2025-10-31T07:55:34.343809Z","level":"info","event":"   -> 25 posts ignorés (doublons).","chan":"stdout","logger":"task"}
{"timestamp":"2025-10-31T07:55:34.344233Z","level":"info","event":"   -> ✅ Données pour 'SAMSUNG QE50Q7F3AUXXN' sauvegardées.","chan":"stdout","logger":"task"}
{"timestamp":"2025-10-31T07:55:34.345390Z","level":"info","event":"","chan":"stdout","logger":"task"}
{"timestamp":"2025-10-31T07:55:34.345827Z","level":"info","event":"-------------------------------------------------","chan":"stdout","logger":"task"}
{"timestamp":"2025-10-31T07:55:34.346251Z","level":"info","event":"--- Traitement Produit 2/1737 (Key: 9) ---","chan":"stdout","logger":"task"}
{"timestamp":"2025-10-31T07:55:34.346730Z","level":"info","event":"   -> Mot-clé généré : 'LG C5 evo OLED42C54LA'","chan":"stdout","logger":"task"}
{"timestamp":"2025-10-31T07:55:34.347229Z","level":"info","event":"   -> (E) Appel API Reddit pour : 'LG C5 evo OLED42C54LA' dans r/Televisions","chan":"stdout","logger":"task"}
{"timestamp":"2025-10-31T07:55:34.617988Z","level":"info","event":"   -> Pause de 7 secondes (respect des limites API)...","chan":"stdout","logger":"task"}
{"timestamp":"2025-10-31T07:55:39.634795Z","level":"error","event":"Server indicated the task shouldn't be running anymore. Terminating process","detail":{"detail":{"reason":"not_running","message":"TI is no longer in the running state and task should terminate","current_state":"failed"}},"logger":"task"}
{"timestamp":"2025-10-31T07:55:41.619398Z","level":"info","event":"   -> 1 posts bruts trouvés au total.","chan":"stdout","logger":"task"}
{"timestamp":"2025-10-31T07:55:41.646618Z","level":"info","event":"   -> (L) 1 posts reçus. Application du filtre de pertinence (Marque: 'LG')...","chan":"stdout","logger":"task"}
{"timestamp":"2025-10-31T07:55:41.648342Z","level":"info","event":"   -> 0 nouveaux posts (pertinents) insérés.","chan":"stdout","logger":"task"}
{"timestamp":"2025-10-31T07:55:41.648933Z","level":"info","event":"   -> 0 posts filtrés (hors sujet).","chan":"stdout","logger":"task"}
{"timestamp":"2025-10-31T07:55:41.649490Z","level":"info","event":"   -> 1 posts ignorés (doublons).","chan":"stdout","logger":"task"}
{"timestamp":"2025-10-31T07:55:41.650107Z","level":"info","event":"   -> ✅ Données pour 'LG C5 evo OLED42C54LA' sauvegardées.","chan":"stdout","logger":"task"}
{"timestamp":"2025-10-31T07:55:41.651531Z","level":"info","event":"","chan":"stdout","logger":"task"}
{"timestamp":"2025-10-31T07:55:41.652249Z","level":"info","event":"-------------------------------------------------","chan":"stdout","logger":"task"}
{"timestamp":"2025-10-31T07:55:41.652936Z","level":"info","event":"--- Traitement Produit 3/1737 (Key: 10) ---","chan":"stdout","logger":"task"}
{"timestamp":"2025-10-31T07:55:41.653672Z","level":"info","event":"   -> Mot-clé généré : 'SAMSUNG QE77S95FATXXN'","chan":"stdout","logger":"task"}
{"timestamp":"2025-10-31T07:55:41.654219Z","level":"info","event":"   -> (E) Appel API Reddit pour : 'SAMSUNG QE77S95FATXXN' dans r/Televisions","chan":"stdout","logger":"task"}
{"timestamp":"2025-10-31T07:55:41.909262Z","level":"info","event":"   -> Pause de 7 secondes (respect des limites API)...","chan":"stdout","logger":"task"}
{"timestamp":"2025-10-31T07:55:44.718775Z","level":"error","event":"Task killed!","logger":"task"}
