{"timestamp":"2025-10-31T08:15:02.751896","level":"info","event":"DAG bundles loaded: dags-folder, example_dags","logger":"airflow.dag_processing.bundles.manager.DagBundlesManager"}
{"timestamp":"2025-10-31T08:15:02.752418","level":"info","event":"Filling up the DagBag from /opt/airflow/dags/dag_reddit_pipeline.py","logger":"airflow.models.dagbag.DagBag"}
{"timestamp":"2025-10-31T08:15:02.840359Z","level":"info","event":"Task instance is in running state","chan":"stdout","logger":"task"}
{"timestamp":"2025-10-31T08:15:02.841140Z","level":"info","event":" Previous state of the Task instance: TaskInstanceState.QUEUED","chan":"stdout","logger":"task"}
{"timestamp":"2025-10-31T08:15:02.841631Z","level":"info","event":"Current task name:run_full_reddit_pipeline","chan":"stdout","logger":"task"}
{"timestamp":"2025-10-31T08:15:02.842037Z","level":"info","event":"Dag name:reddit_extraction_pipeline","chan":"stdout","logger":"task"}
{"timestamp":"2025-10-31T08:15:02.842592Z","level":"info","event":"--- Lancement de l'Extraction (Étape 6a) ---","chan":"stdout","logger":"task"}
{"timestamp":"2025-10-31T08:15:02.894788Z","level":"info","event":"   -> ✅ Connecté au DWH.","chan":"stdout","logger":"task"}
{"timestamp":"2025-10-31T08:15:02.912239Z","level":"info","event":"--- ✅ SUCCÈS : 1738 produits à rechercher extraits ---","chan":"stdout","logger":"task"}
{"timestamp":"2025-10-31T08:15:02.913945Z","level":"info","event":"Connexion DWH fermée (phase 1).","chan":"stdout","logger":"task"}
{"timestamp":"2025-10-31T08:15:02.914660Z","level":"info","event":"","chan":"stdout","logger":"task"}
{"timestamp":"2025-10-31T08:15:02.915209Z","level":"info","event":"--- Lancement de la boucle de scraping pour 1738 produits ---","chan":"stdout","logger":"task"}
{"timestamp":"2025-10-31T08:15:02.915652Z","level":"info","event":"","chan":"stdout","logger":"task"}
{"timestamp":"2025-10-31T08:15:02.916055Z","level":"info","event":"-------------------------------------------------","chan":"stdout","logger":"task"}
{"timestamp":"2025-10-31T08:15:02.916460Z","level":"info","event":"--- Traitement Produit 1/1738 (Key: 8) ---","chan":"stdout","logger":"task"}
{"timestamp":"2025-10-31T08:15:02.916934Z","level":"info","event":"   -> Mot-clé généré : 'SAMSUNG QE50Q7F3AUXXN'","chan":"stdout","logger":"task"}
{"timestamp":"2025-10-31T08:15:02.917303Z","level":"info","event":"   -> (E) Appel API Reddit pour : 'SAMSUNG QE50Q7F3AUXXN' dans r/Televisions","chan":"stdout","logger":"task"}
{"timestamp":"2025-10-31T08:15:03.154946Z","level":"info","event":"   -> Pause de 7 secondes (respect des limites API)...","chan":"stdout","logger":"task"}
{"timestamp":"2025-10-31T08:15:10.157341Z","level":"info","event":"   -> ⚠️ Passe 1 (spécifique) n'a rien donné pour 'SAMSUNG QE50Q7F3AUXXN'.","chan":"stdout","logger":"task"}
{"timestamp":"2025-10-31T08:15:10.157949Z","level":"info","event":"   -> Lancement Passe 2 (large) avec juste la marque: 'SAMSUNG'","chan":"stdout","logger":"task"}
{"timestamp":"2025-10-31T08:15:10.158382Z","level":"info","event":"   -> (E) Appel API Reddit pour : 'SAMSUNG' dans r/Televisions","chan":"stdout","logger":"task"}
{"timestamp":"2025-10-31T08:15:10.648097Z","level":"info","event":"   -> Pause de 7 secondes (respect des limites API)...","chan":"stdout","logger":"task"}
{"timestamp":"2025-10-31T08:15:17.649969Z","level":"info","event":"   -> 25 posts bruts trouvés au total.","chan":"stdout","logger":"task"}
{"timestamp":"2025-10-31T08:15:17.677874Z","level":"info","event":"   -> (L) 25 posts reçus. Application du filtre de pertinence (Marque: 'SAMSUNG')...","chan":"stdout","logger":"task"}
{"timestamp":"2025-10-31T08:15:17.706176Z","level":"info","event":"   -> 0 nouveaux posts (pertinents) insérés.","chan":"stdout","logger":"task"}
{"timestamp":"2025-10-31T08:15:17.706676Z","level":"info","event":"   -> 0 posts filtrés (hors sujet).","chan":"stdout","logger":"task"}
{"timestamp":"2025-10-31T08:15:17.707051Z","level":"info","event":"   -> 25 posts ignorés (doublons).","chan":"stdout","logger":"task"}
{"timestamp":"2025-10-31T08:15:17.707621Z","level":"info","event":"   -> ✅ Données pour 'SAMSUNG QE50Q7F3AUXXN' sauvegardées.","chan":"stdout","logger":"task"}
{"timestamp":"2025-10-31T08:15:17.708844Z","level":"info","event":"","chan":"stdout","logger":"task"}
{"timestamp":"2025-10-31T08:15:17.710396Z","level":"info","event":"-------------------------------------------------","chan":"stdout","logger":"task"}
{"timestamp":"2025-10-31T08:15:17.710863Z","level":"info","event":"--- Traitement Produit 2/1738 (Key: 9) ---","chan":"stdout","logger":"task"}
{"timestamp":"2025-10-31T08:15:17.711291Z","level":"info","event":"   -> Mot-clé généré : 'LG C5 evo OLED42C54LA'","chan":"stdout","logger":"task"}
{"timestamp":"2025-10-31T08:15:17.711760Z","level":"info","event":"   -> (E) Appel API Reddit pour : 'LG C5 evo OLED42C54LA' dans r/Televisions","chan":"stdout","logger":"task"}
{"timestamp":"2025-10-31T08:15:17.950061Z","level":"info","event":"   -> Pause de 7 secondes (respect des limites API)...","chan":"stdout","logger":"task"}
{"timestamp":"2025-10-31T08:15:25.105815Z","level":"info","event":"   -> 1 posts bruts trouvés au total.","chan":"stdout","logger":"task"}
{"timestamp":"2025-10-31T08:15:25.130637Z","level":"info","event":"   -> (L) 1 posts reçus. Application du filtre de pertinence (Marque: 'LG')...","chan":"stdout","logger":"task"}
{"timestamp":"2025-10-31T08:15:25.132500Z","level":"info","event":"   -> 0 nouveaux posts (pertinents) insérés.","chan":"stdout","logger":"task"}
{"timestamp":"2025-10-31T08:15:25.133142Z","level":"info","event":"   -> 0 posts filtrés (hors sujet).","chan":"stdout","logger":"task"}
{"timestamp":"2025-10-31T08:15:25.133731Z","level":"info","event":"   -> 1 posts ignorés (doublons).","chan":"stdout","logger":"task"}
{"timestamp":"2025-10-31T08:15:25.134357Z","level":"info","event":"   -> ✅ Données pour 'LG C5 evo OLED42C54LA' sauvegardées.","chan":"stdout","logger":"task"}
{"timestamp":"2025-10-31T08:15:25.136240Z","level":"info","event":"","chan":"stdout","logger":"task"}
{"timestamp":"2025-10-31T08:15:25.137784Z","level":"info","event":"-------------------------------------------------","chan":"stdout","logger":"task"}
{"timestamp":"2025-10-31T08:15:25.138449Z","level":"info","event":"--- Traitement Produit 3/1738 (Key: 10) ---","chan":"stdout","logger":"task"}
{"timestamp":"2025-10-31T08:15:25.139142Z","level":"info","event":"   -> Mot-clé généré : 'SAMSUNG QE77S95FATXXN'","chan":"stdout","logger":"task"}
{"timestamp":"2025-10-31T08:15:25.139809Z","level":"info","event":"   -> (E) Appel API Reddit pour : 'SAMSUNG QE77S95FATXXN' dans r/Televisions","chan":"stdout","logger":"task"}
{"timestamp":"2025-10-31T08:15:25.360956Z","level":"info","event":"   -> Pause de 7 secondes (respect des limites API)...","chan":"stdout","logger":"task"}
{"timestamp":"2025-10-31T08:15:32.362790Z","level":"info","event":"   -> ⚠️ Passe 1 (spécifique) n'a rien donné pour 'SAMSUNG QE77S95FATXXN'.","chan":"stdout","logger":"task"}
{"timestamp":"2025-10-31T08:15:32.363547Z","level":"info","event":"   -> Lancement Passe 2 (large) avec juste la marque: 'SAMSUNG'","chan":"stdout","logger":"task"}
{"timestamp":"2025-10-31T08:15:32.364435Z","level":"info","event":"   -> (E) Appel API Reddit pour : 'SAMSUNG' dans r/Televisions","chan":"stdout","logger":"task"}
{"timestamp":"2025-10-31T08:15:32.865573Z","level":"info","event":"   -> Pause de 7 secondes (respect des limites API)...","chan":"stdout","logger":"task"}
{"timestamp":"2025-10-31T08:15:39.867697Z","level":"info","event":"   -> 25 posts bruts trouvés au total.","chan":"stdout","logger":"task"}
{"timestamp":"2025-10-31T08:15:39.894747Z","level":"info","event":"   -> (L) 25 posts reçus. Application du filtre de pertinence (Marque: 'SAMSUNG')...","chan":"stdout","logger":"task"}
{"timestamp":"2025-10-31T08:15:39.935789Z","level":"info","event":"   -> 0 nouveaux posts (pertinents) insérés.","chan":"stdout","logger":"task"}
{"timestamp":"2025-10-31T08:15:39.936420Z","level":"info","event":"   -> 0 posts filtrés (hors sujet).","chan":"stdout","logger":"task"}
{"timestamp":"2025-10-31T08:15:39.937006Z","level":"info","event":"   -> 25 posts ignorés (doublons).","chan":"stdout","logger":"task"}
{"timestamp":"2025-10-31T08:15:39.937510Z","level":"info","event":"   -> ✅ Données pour 'SAMSUNG QE77S95FATXXN' sauvegardées.","chan":"stdout","logger":"task"}
{"timestamp":"2025-10-31T08:15:39.938680Z","level":"info","event":"","chan":"stdout","logger":"task"}
{"timestamp":"2025-10-31T08:15:39.939133Z","level":"info","event":"-------------------------------------------------","chan":"stdout","logger":"task"}
{"timestamp":"2025-10-31T08:15:39.939647Z","level":"info","event":"--- Traitement Produit 4/1738 (Key: 13) ---","chan":"stdout","logger":"task"}
{"timestamp":"2025-10-31T08:15:39.940370Z","level":"info","event":"   -> Mot-clé généré : 'PHILIPS AMBILITGH 48OLED810'","chan":"stdout","logger":"task"}
{"timestamp":"2025-10-31T08:15:39.941006Z","level":"info","event":"   -> (E) Appel API Reddit pour : 'PHILIPS AMBILITGH 48OLED810' dans r/Televisions","chan":"stdout","logger":"task"}
{"timestamp":"2025-10-31T08:15:40.157200Z","level":"info","event":"   -> Pause de 7 secondes (respect des limites API)...","chan":"stdout","logger":"task"}
{"timestamp":"2025-10-31T08:15:45.185403Z","level":"error","event":"Server indicated the task shouldn't be running anymore. Terminating process","detail":{"detail":{"reason":"not_running","message":"TI is no longer in the running state and task should terminate","current_state":"failed"}},"logger":"task"}
{"timestamp":"2025-10-31T08:15:47.160397Z","level":"info","event":"   -> ⚠️ Passe 1 (spécifique) n'a rien donné pour 'PHILIPS AMBILITGH 48OLED810'.","chan":"stdout","logger":"task"}
{"timestamp":"2025-10-31T08:15:47.161141Z","level":"info","event":"   -> Lancement Passe 2 (large) avec juste la marque: 'PHILIPS'","chan":"stdout","logger":"task"}
{"timestamp":"2025-10-31T08:15:47.161705Z","level":"info","event":"   -> (E) Appel API Reddit pour : 'PHILIPS' dans r/Televisions","chan":"stdout","logger":"task"}
{"timestamp":"2025-10-31T08:15:47.546211Z","level":"info","event":"   -> Pause de 7 secondes (respect des limites API)...","chan":"stdout","logger":"task"}
{"timestamp":"2025-10-31T08:15:50.244310Z","level":"error","event":"Task killed!","logger":"task"}
