{"timestamp":"2025-10-30T13:14:40.818328","level":"info","event":"DAG bundles loaded: dags-folder, example_dags","logger":"airflow.dag_processing.bundles.manager.DagBundlesManager"}
{"timestamp":"2025-10-30T13:14:40.819100","level":"info","event":"Filling up the DagBag from /opt/airflow/dags/dag_reddit_pipeline.py","logger":"airflow.models.dagbag.DagBag"}
{"timestamp":"2025-10-30T13:14:40.917646Z","level":"info","event":"Task instance is in running state","chan":"stdout","logger":"task"}
{"timestamp":"2025-10-30T13:14:40.918763Z","level":"info","event":" Previous state of the Task instance: TaskInstanceState.QUEUED","chan":"stdout","logger":"task"}
{"timestamp":"2025-10-30T13:14:40.919440Z","level":"info","event":"Current task name:run_full_reddit_pipeline","chan":"stdout","logger":"task"}
{"timestamp":"2025-10-30T13:14:40.920064Z","level":"info","event":"Dag name:reddit_extraction_pipeline","chan":"stdout","logger":"task"}
{"timestamp":"2025-10-30T13:14:40.920866Z","level":"info","event":"--- Lancement de l'Extraction (Étape 6a) ---","chan":"stdout","logger":"task"}
{"timestamp":"2025-10-30T13:14:40.979771Z","level":"info","event":"   -> ✅ Connecté au DWH.","chan":"stdout","logger":"task"}
{"timestamp":"2025-10-30T13:14:41.002431Z","level":"info","event":"--- ✅ SUCCÈS : 1772 produits à rechercher extraits ---","chan":"stdout","logger":"task"}
{"timestamp":"2025-10-30T13:14:41.005242Z","level":"info","event":"Connexion DWH fermée (phase 1).","chan":"stdout","logger":"task"}
{"timestamp":"2025-10-30T13:14:41.006466Z","level":"info","event":"","chan":"stdout","logger":"task"}
{"timestamp":"2025-10-30T13:14:41.007274Z","level":"info","event":"--- Lancement de la boucle de scraping pour 1772 produits ---","chan":"stdout","logger":"task"}
{"timestamp":"2025-10-30T13:14:41.007889Z","level":"info","event":"","chan":"stdout","logger":"task"}
{"timestamp":"2025-10-30T13:14:41.008407Z","level":"info","event":"-------------------------------------------------","chan":"stdout","logger":"task"}
{"timestamp":"2025-10-30T13:14:41.008826Z","level":"info","event":"--- Traitement Produit 1/1772 (Key: 1) ---","chan":"stdout","logger":"task"}
{"timestamp":"2025-10-30T13:14:41.009453Z","level":"info","event":"   -> Mot-clé généré : 'LG C5 evo OLED55C56LB'","chan":"stdout","logger":"task"}
{"timestamp":"2025-10-30T13:14:41.010036Z","level":"info","event":"   -> (E) Appel API Reddit pour : 'LG C5 evo OLED55C56LB' dans r/Televisions","chan":"stdout","logger":"task"}
{"timestamp":"2025-10-30T13:14:41.393201Z","level":"info","event":"   -> 1 posts bruts trouvés.","chan":"stdout","logger":"task"}
{"timestamp":"2025-10-30T13:14:41.394001Z","level":"info","event":"   -> Pause de 7 secondes (respect des limites API)...","chan":"stdout","logger":"task"}
{"timestamp":"2025-10-30T13:14:48.424301Z","level":"info","event":"   -> (L) Chargement de 1 posts dans Staging_Reddit_Posts...","chan":"stdout","logger":"task"}
{"timestamp":"2025-10-30T13:14:48.431938Z","level":"info","event":"   -> 1 nouveaux posts insérés.","chan":"stdout","logger":"task"}
{"timestamp":"2025-10-30T13:14:48.432513Z","level":"info","event":"   -> 0 posts ignorés (doublons).","chan":"stdout","logger":"task"}
{"timestamp":"2025-10-30T13:14:48.433633Z","level":"info","event":"   -> ✅ Données pour 'LG C5 evo OLED55C56LB' sauvegardées.","chan":"stdout","logger":"task"}
{"timestamp":"2025-10-30T13:14:48.435308Z","level":"info","event":"","chan":"stdout","logger":"task"}
{"timestamp":"2025-10-30T13:14:48.437089Z","level":"info","event":"-------------------------------------------------","chan":"stdout","logger":"task"}
{"timestamp":"2025-10-30T13:14:48.437507Z","level":"info","event":"--- Traitement Produit 2/1772 (Key: 2) ---","chan":"stdout","logger":"task"}
{"timestamp":"2025-10-30T13:14:48.437923Z","level":"info","event":"   -> Mot-clé généré : 'PHILIPS THE ONE AMBILIGHT'","chan":"stdout","logger":"task"}
{"timestamp":"2025-10-30T13:14:48.438286Z","level":"info","event":"   -> (E) Appel API Reddit pour : 'PHILIPS THE ONE AMBILIGHT' dans r/Televisions","chan":"stdout","logger":"task"}
{"timestamp":"2025-10-30T13:14:48.720692Z","level":"info","event":"   -> 1 posts bruts trouvés.","chan":"stdout","logger":"task"}
{"timestamp":"2025-10-30T13:14:48.721236Z","level":"info","event":"   -> Pause de 7 secondes (respect des limites API)...","chan":"stdout","logger":"task"}
{"timestamp":"2025-10-30T13:14:55.847882Z","level":"info","event":"   -> (L) Chargement de 1 posts dans Staging_Reddit_Posts...","chan":"stdout","logger":"task"}
{"timestamp":"2025-10-30T13:14:55.854411Z","level":"info","event":"   -> 1 nouveaux posts insérés.","chan":"stdout","logger":"task"}
{"timestamp":"2025-10-30T13:14:55.854969Z","level":"info","event":"   -> 0 posts ignorés (doublons).","chan":"stdout","logger":"task"}
{"timestamp":"2025-10-30T13:14:55.856084Z","level":"info","event":"   -> ✅ Données pour 'PHILIPS THE ONE AMBILIGHT' sauvegardées.","chan":"stdout","logger":"task"}
{"timestamp":"2025-10-30T13:14:55.857649Z","level":"info","event":"","chan":"stdout","logger":"task"}
{"timestamp":"2025-10-30T13:14:55.858078Z","level":"info","event":"-------------------------------------------------","chan":"stdout","logger":"task"}
{"timestamp":"2025-10-30T13:14:55.858581Z","level":"info","event":"--- Traitement Produit 3/1772 (Key: 3) ---","chan":"stdout","logger":"task"}
{"timestamp":"2025-10-30T13:14:55.859150Z","level":"info","event":"   -> Mot-clé généré : 'PHILIPS AMBILIGHT FULL 32PFS6900'","chan":"stdout","logger":"task"}
{"timestamp":"2025-10-30T13:14:55.859560Z","level":"info","event":"   -> (E) Appel API Reddit pour : 'PHILIPS AMBILIGHT FULL 32PFS6900' dans r/all","chan":"stdout","logger":"task"}
{"timestamp":"2025-10-30T13:14:56.455502Z","level":"info","event":"   -> 15 posts bruts trouvés.","chan":"stdout","logger":"task"}
{"timestamp":"2025-10-30T13:14:56.456143Z","level":"info","event":"   -> Pause de 7 secondes (respect des limites API)...","chan":"stdout","logger":"task"}
{"timestamp":"2025-10-30T13:15:03.481512Z","level":"info","event":"   -> (L) Chargement de 15 posts dans Staging_Reddit_Posts...","chan":"stdout","logger":"task"}
{"timestamp":"2025-10-30T13:15:03.591068Z","level":"info","event":"   -> 15 nouveaux posts insérés.","chan":"stdout","logger":"task"}
{"timestamp":"2025-10-30T13:15:03.591714Z","level":"info","event":"   -> 0 posts ignorés (doublons).","chan":"stdout","logger":"task"}
{"timestamp":"2025-10-30T13:15:03.592715Z","level":"info","event":"   -> ✅ Données pour 'PHILIPS AMBILIGHT FULL 32PFS6900' sauvegardées.","chan":"stdout","logger":"task"}
{"timestamp":"2025-10-30T13:15:03.594490Z","level":"info","event":"","chan":"stdout","logger":"task"}
{"timestamp":"2025-10-30T13:15:03.595013Z","level":"info","event":"-------------------------------------------------","chan":"stdout","logger":"task"}
{"timestamp":"2025-10-30T13:15:03.595523Z","level":"info","event":"--- Traitement Produit 4/1772 (Key: 4) ---","chan":"stdout","logger":"task"}
{"timestamp":"2025-10-30T13:15:03.596099Z","level":"info","event":"   -> Mot-clé généré : 'JVC LT 32FV140'","chan":"stdout","logger":"task"}
{"timestamp":"2025-10-30T13:15:03.596575Z","level":"info","event":"   -> (E) Appel API Reddit pour : 'JVC LT 32FV140' dans r/all","chan":"stdout","logger":"task"}
{"timestamp":"2025-10-30T13:15:04.525986Z","level":"info","event":"   -> 25 posts bruts trouvés.","chan":"stdout","logger":"task"}
{"timestamp":"2025-10-30T13:15:04.526682Z","level":"info","event":"   -> Pause de 7 secondes (respect des limites API)...","chan":"stdout","logger":"task"}
{"timestamp":"2025-10-30T13:15:11.574385Z","level":"info","event":"   -> (L) Chargement de 25 posts dans Staging_Reddit_Posts...","chan":"stdout","logger":"task"}
{"timestamp":"2025-10-30T13:15:11.888631Z","level":"info","event":"   -> 25 nouveaux posts insérés.","chan":"stdout","logger":"task"}
{"timestamp":"2025-10-30T13:15:11.889953Z","level":"info","event":"   -> 0 posts ignorés (doublons).","chan":"stdout","logger":"task"}
{"timestamp":"2025-10-30T13:15:11.891695Z","level":"info","event":"   -> ✅ Données pour 'JVC LT 32FV140' sauvegardées.","chan":"stdout","logger":"task"}
{"timestamp":"2025-10-30T13:15:11.894465Z","level":"info","event":"","chan":"stdout","logger":"task"}
{"timestamp":"2025-10-30T13:15:11.895213Z","level":"info","event":"-------------------------------------------------","chan":"stdout","logger":"task"}
{"timestamp":"2025-10-30T13:15:11.896345Z","level":"info","event":"--- Traitement Produit 5/1772 (Key: 5) ---","chan":"stdout","logger":"task"}
{"timestamp":"2025-10-30T13:15:11.897652Z","level":"info","event":"   -> Mot-clé généré : 'SONY BRAVIA KD32W804PAEP'","chan":"stdout","logger":"task"}
{"timestamp":"2025-10-30T13:15:11.898306Z","level":"info","event":"   -> (E) Appel API Reddit pour : 'SONY BRAVIA KD32W804PAEP' dans r/all","chan":"stdout","logger":"task"}
{"timestamp":"2025-10-30T13:15:12.648857Z","level":"info","event":"   -> 25 posts bruts trouvés.","chan":"stdout","logger":"task"}
{"timestamp":"2025-10-30T13:15:12.649579Z","level":"info","event":"   -> Pause de 7 secondes (respect des limites API)...","chan":"stdout","logger":"task"}
{"timestamp":"2025-10-30T13:15:19.674702Z","level":"info","event":"   -> (L) Chargement de 25 posts dans Staging_Reddit_Posts...","chan":"stdout","logger":"task"}
{"timestamp":"2025-10-30T13:15:19.883446Z","level":"info","event":"   -> 25 nouveaux posts insérés.","chan":"stdout","logger":"task"}
{"timestamp":"2025-10-30T13:15:19.883995Z","level":"info","event":"   -> 0 posts ignorés (doublons).","chan":"stdout","logger":"task"}
{"timestamp":"2025-10-30T13:15:19.885713Z","level":"info","event":"   -> ✅ Données pour 'SONY BRAVIA KD32W804PAEP' sauvegardées.","chan":"stdout","logger":"task"}
{"timestamp":"2025-10-30T13:15:19.887119Z","level":"info","event":"","chan":"stdout","logger":"task"}
{"timestamp":"2025-10-30T13:15:19.887561Z","level":"info","event":"-------------------------------------------------","chan":"stdout","logger":"task"}
{"timestamp":"2025-10-30T13:15:19.887987Z","level":"info","event":"--- Traitement Produit 6/1772 (Key: 6) ---","chan":"stdout","logger":"task"}
{"timestamp":"2025-10-30T13:15:19.888482Z","level":"info","event":"   -> Mot-clé généré : 'SAMSUNG QE65S95FATXXN'","chan":"stdout","logger":"task"}
{"timestamp":"2025-10-30T13:15:19.888920Z","level":"info","event":"   -> (E) Appel API Reddit pour : 'SAMSUNG QE65S95FATXXN' dans r/Televisions","chan":"stdout","logger":"task"}
{"timestamp":"2025-10-30T13:15:20.156768Z","level":"info","event":"   -> 0 posts bruts trouvés.","chan":"stdout","logger":"task"}
{"timestamp":"2025-10-30T13:15:20.157302Z","level":"info","event":"   -> Pause de 7 secondes (respect des limites API)...","chan":"stdout","logger":"task"}
{"timestamp":"2025-10-30T13:15:25.272673Z","level":"error","event":"Server indicated the task shouldn't be running anymore. Terminating process","detail":{"detail":{"reason":"not_running","message":"TI is no longer in the running state and task should terminate","current_state":"failed"}},"logger":"task"}
{"timestamp":"2025-10-30T13:15:27.254945Z","level":"info","event":"   -> ⚠️ Aucun post trouvé pour 'SAMSUNG QE65S95FATXXN' dans r/Televisions.","chan":"stdout","logger":"task"}
{"timestamp":"2025-10-30T13:15:27.255496Z","level":"info","event":"","chan":"stdout","logger":"task"}
{"timestamp":"2025-10-30T13:15:27.255853Z","level":"info","event":"-------------------------------------------------","chan":"stdout","logger":"task"}
{"timestamp":"2025-10-30T13:15:27.256317Z","level":"info","event":"--- Traitement Produit 7/1772 (Key: 7) ---","chan":"stdout","logger":"task"}
{"timestamp":"2025-10-30T13:15:27.257071Z","level":"info","event":"   -> Mot-clé généré : 'JVC LT 43FV140'","chan":"stdout","logger":"task"}
{"timestamp":"2025-10-30T13:15:27.257576Z","level":"info","event":"   -> (E) Appel API Reddit pour : 'JVC LT 43FV140' dans r/Televisions","chan":"stdout","logger":"task"}
{"timestamp":"2025-10-30T13:15:27.509478Z","level":"info","event":"   -> 0 posts bruts trouvés.","chan":"stdout","logger":"task"}
{"timestamp":"2025-10-30T13:15:27.510052Z","level":"info","event":"   -> Pause de 7 secondes (respect des limites API)...","chan":"stdout","logger":"task"}
{"timestamp":"2025-10-30T13:15:30.307390Z","level":"error","event":"Task killed!","logger":"task"}
